<?xml version="1.0" encoding="utf-8"?>
<test-run id="2" testcasecount="17" result="Passed" total="17" passed="17" failed="0" inconclusive="0" skipped="0" asserts="0" engine-version="3.5.0.0" clr-version="4.0.30319.42000" start-time="0001-01-01 00:00:00Z" end-time="0001-01-01 00:00:00Z" duration="6.5684278">
  <test-suite type="TestSuite" id="1000" name="BlueprintCivilizations_Unity_M0" fullname="BlueprintCivilizations_Unity_M0" runstate="Runnable" testcasecount="17" result="Passed" start-time="2026-08-03 10:10:09Z" end-time="2026-08-03 10:10:15Z" duration="6.568428" total="17" passed="17" failed="0" inconclusive="0" skipped="0" asserts="0"><properties><property name="platform" value="PlayMode"></property></properties><test-suite type="Assembly" id="1019" name="BlueprintCivilizations.UI.PlayModeTests.dll" fullname="E:/BlueprintCivilizations_Unity_M0/BlueprintCivilizations_Unity_M0/Temp/UnityTempFile-c259d002e565c71489d17a755a37d0b2/PlayerWithTests/PlayerWithTests_Data/Managed/BlueprintCivilizations.UI.PlayModeTests.dll" runstate="Runnable" testcasecount="17" result="Passed" start-time="2026-08-03 10:10:09Z" end-time="2026-08-03 10:10:15Z" duration="6.553932" total="17" passed="17" failed="0" inconclusive="0" skipped="0" asserts="0"><properties><property name="_PID" value="17520"></property><property name="_APPDOMAIN" value="Unity Root Domain"></property><property name="platform" value="PlayMode"></property><property name="EditorOnly" value="False"></property></properties><test-suite type="TestSuite" id="1020" name="BlueprintCivilizations" fullname="BlueprintCivilizations" runstate="Runnable" testcasecount="17" result="Passed" start-time="2026-08-03 10:10:09Z" end-time="2026-08-03 10:10:15Z" duration="6.266022" total="17" passed="17" failed="0" inconclusive="0" skipped="0" asserts="0"><properties></properties><test-suite type="TestSuite" id="1021" name="UI" fullname="BlueprintCivilizations.UI" runstate="Runnable" testcasecount="17" result="Passed" start-time="2026-08-03 10:10:09Z" end-time="2026-08-03 10:10:15Z" duration="6.256790" total="17" passed="17" failed="0" inconclusive="0" skipped="0" asserts="0"><properties></properties><test-suite type="TestSuite" id="1022" name="Tests" fullname="BlueprintCivilizations.UI.Tests" runstate="Runnable" testcasecount="17" result="Passed" start-time="2026-08-03 10:10:09Z" end-time="2026-08-03 10:10:15Z" duration="6.243786" total="17" passed="17" failed="0" inconclusive="0" skipped="0" asserts="0"><properties></properties><test-suite type="TestSuite" id="1023" name="PlayMode" fullname="BlueprintCivilizations.UI.Tests.PlayMode" runstate="Runnable" testcasecount="17" result="Passed" start-time="2026-08-03 10:10:09Z" end-time="2026-08-03 10:10:15Z" duration="6.241027" total="17" passed="17" failed="0" inconclusive="0" skipped="0" asserts="0"><properties></properties><test-suite type="TestFixture" id="1001" name="BlueprintBoardPlayModeTests" fullname="BlueprintCivilizations.UI.Tests.PlayMode.BlueprintBoardPlayModeTests" classname="BlueprintCivilizations.UI.Tests.PlayMode.BlueprintBoardPlayModeTests" runstate="Runnable" testcasecount="17" result="Passed" start-time="2026-08-03 10:10:09Z" end-time="2026-08-03 10:10:15Z" duration="6.232633" total="17" passed="17" failed="0" inconclusive="0" skipped="0" asserts="0"><properties></properties><test-case id="1013" name="ActiveInsertionDragReordersBlueprints" fullname="BlueprintCivilizations.UI.Tests.PlayMode.BlueprintBoardPlayModeTests.ActiveInsertionDragReordersBlueprints" methodname="ActiveInsertionDragReordersBlueprints" classname="BlueprintCivilizations.UI.Tests.PlayMode.BlueprintBoardPlayModeTests" runstate="Runnable" seed="41466185" result="Passed" start-time="2026-08-03 10:10:09Z" end-time="2026-08-03 10:10:13Z" duration="4.505174" asserts="0"><properties><property name="_JOINTYPE" value="UnityCombinatorial"></property><property name="retryIteration" value="0"></property><property name="repeatIteration" value="0"></property></properties></test-case><test-case id="1008" name="ActiveToBenchDragBenchesBlueprint" fullname="BlueprintCivilizations.UI.Tests.PlayMode.BlueprintBoardPlayModeTests.ActiveToBenchDragBenchesBlueprint" methodname="ActiveToBenchDragBenchesBlueprint" classname="BlueprintCivilizations.UI.Tests.PlayMode.BlueprintBoardPlayModeTests" runstate="Runnable" seed="1991079827" result="Passed" start-time="2026-08-03 10:10:13Z" end-time="2026-08-03 10:10:13Z" duration="0.072694" asserts="0"><properties><property name="_JOINTYPE" value="UnityCombinatorial"></property><property name="retryIteration" value="0"></property><property name="repeatIteration" value="0"></property></properties></test-case><test-case id="1010" name="ActiveToEmptySlotDragMovesBlueprintAndPreservesSelection" fullname="BlueprintCivilizations.UI.Tests.PlayMode.BlueprintBoardPlayModeTests.ActiveToEmptySlotDragMovesBlueprintAndPreservesSelection" methodname="ActiveToEmptySlotDragMovesBlueprintAndPreservesSelection" classname="BlueprintCivilizations.UI.Tests.PlayMode.BlueprintBoardPlayModeTests" runstate="Runnable" seed="162786147" result="Passed" start-time="2026-08-03 10:10:13Z" end-time="2026-08-03 10:10:14Z" duration="0.213272" asserts="0"><properties><property name="_JOINTYPE" value="UnityCombinatorial"></property><property name="retryIteration" value="0"></property><property name="repeatIteration" value="0"></property></properties></test-case><test-case id="1009" name="ActiveToOccupiedActiveSlotDragSwapsBlueprints" fullname="BlueprintCivilizations.UI.Tests.PlayMode.BlueprintBoardPlayModeTests.ActiveToOccupiedActiveSlotDragSwapsBlueprints" methodname="ActiveToOccupiedActiveSlotDragSwapsBlueprints" classname="BlueprintCivilizations.UI.Tests.PlayMode.BlueprintBoardPlayModeTests" runstate="Runnable" seed="1189009004" result="Passed" start-time="2026-08-03 10:10:14Z" end-time="2026-08-03 10:10:14Z" duration="0.050249" asserts="0"><properties><property name="_JOINTYPE" value="UnityCombinatorial"></property><property name="retryIteration" value="0"></property><property name="repeatIteration" value="0"></property></properties></test-case><test-case id="1006" name="BenchToEmptyActiveSlotDragActivatesBlueprint" fullname="BlueprintCivilizations.UI.Tests.PlayMode.BlueprintBoardPlayModeTests.BenchToEmptyActiveSlotDragActivatesBlueprint" methodname="BenchToEmptyActiveSlotDragActivatesBlueprint" classname="BlueprintCivilizations.UI.Tests.PlayMode.BlueprintBoardPlayModeTests" runstate="Runnable" seed="1019079573" result="Passed" start-time="2026-08-03 10:10:14Z" end-time="2026-08-03 10:10:14Z" duration="0.082494" asserts="0"><properties><property name="_JOINTYPE" value="UnityCombinatorial"></property><property name="retryIteration" value="0"></property><property name="repeatIteration" value="0"></property></properties></test-case><test-case id="1007" name="BenchToOccupiedActiveSlotDragUsesDocumentedInsertion" fullname="BlueprintCivilizations.UI.Tests.PlayMode.BlueprintBoardPlayModeTests.BenchToOccupiedActiveSlotDragUsesDocumentedInsertion" methodname="BenchToOccupiedActiveSlotDragUsesDocumentedInsertion" classname="BlueprintCivilizations.UI.Tests.PlayMode.BlueprintBoardPlayModeTests" runstate="Runnable" seed="1903157118" result="Passed" start-time="2026-08-03 10:10:14Z" end-time="2026-08-03 10:10:14Z" duration="0.035939" asserts="0"><properties><property name="_JOINTYPE" value="UnityCombinatorial"></property><property name="retryIteration" value="0"></property><property name="repeatIteration" value="0"></property></properties></test-case><test-case id="1005" name="ChangingSelectionUpdatesDetailsAndClearingRestoresEmptyState" fullname="BlueprintCivilizations.UI.Tests.PlayMode.BlueprintBoardPlayModeTests.ChangingSelectionUpdatesDetailsAndClearingRestoresEmptyState" methodname="ChangingSelectionUpdatesDetailsAndClearingRestoresEmptyState" classname="BlueprintCivilizations.UI.Tests.PlayMode.BlueprintBoardPlayModeTests" runstate="Runnable" seed="1407666454" result="Passed" start-time="2026-08-03 10:10:14Z" end-time="2026-08-03 10:10:14Z" duration="0.109886" asserts="0"><properties><property name="_JOINTYPE" value="UnityCombinatorial"></property><property name="retryIteration" value="0"></property><property name="repeatIteration" value="0"></property></properties></test-case><test-case id="1003" name="ClickingFirstThenSecondCardTransfersSelection" fullname="BlueprintCivilizations.UI.Tests.PlayMode.BlueprintBoardPlayModeTests.ClickingFirstThenSecondCardTransfersSelection" methodname="ClickingFirstThenSecondCardTransfersSelection" classname="BlueprintCivilizations.UI.Tests.PlayMode.BlueprintBoardPlayModeTests" runstate="Runnable" seed="593097310" result="Passed" start-time="2026-08-03 10:10:14Z" end-time="2026-08-03 10:10:14Z" duration="0.084850" asserts="0"><properties><property name="_JOINTYPE" value="UnityCombinatorial"></property><property name="retryIteration" value="0"></property><property name="repeatIteration" value="0"></property></properties></test-case><test-case id="1017" name="DetailsPanelSurvivesWideAndNarrowResponsiveLayout" fullname="BlueprintCivilizations.UI.Tests.PlayMode.BlueprintBoardPlayModeTests.DetailsPanelSurvivesWideAndNarrowResponsiveLayout" methodname="DetailsPanelSurvivesWideAndNarrowResponsiveLayout" classname="BlueprintCivilizations.UI.Tests.PlayMode.BlueprintBoardPlayModeTests" runstate="Runnable" seed="1286928292" result="Passed" start-time="2026-08-03 10:10:14Z" end-time="2026-08-03 10:10:14Z" duration="0.133866" asserts="0"><properties><property name="_JOINTYPE" value="UnityCombinatorial"></property><property name="retryIteration" value="0"></property><property name="repeatIteration" value="0"></property></properties></test-case><test-case id="1018" name="DisableEnableDoesNotAccumulateCallbacksAndRestoresPersistedBoard" fullname="BlueprintCivilizations.UI.Tests.PlayMode.BlueprintBoardPlayModeTests.DisableEnableDoesNotAccumulateCallbacksAndRestoresPersistedBoard" methodname="DisableEnableDoesNotAccumulateCallbacksAndRestoresPersistedBoard" classname="BlueprintCivilizations.UI.Tests.PlayMode.BlueprintBoardPlayModeTests" runstate="Runnable" seed="107475829" result="Passed" start-time="2026-08-03 10:10:14Z" end-time="2026-08-03 10:10:14Z" duration="0.135733" asserts="0"><properties><property name="_JOINTYPE" value="UnityCombinatorial"></property><property name="retryIteration" value="0"></property><property name="repeatIteration" value="0"></property></properties></test-case><test-case id="1014" name="DragThresholdShowsGhostSourceAndValidTargetPreviewBeforeRelease" fullname="BlueprintCivilizations.UI.Tests.PlayMode.BlueprintBoardPlayModeTests.DragThresholdShowsGhostSourceAndValidTargetPreviewBeforeRelease" methodname="DragThresholdShowsGhostSourceAndValidTargetPreviewBeforeRelease" classname="BlueprintCivilizations.UI.Tests.PlayMode.BlueprintBoardPlayModeTests" runstate="Runnable" seed="2071643705" result="Passed" start-time="2026-08-03 10:10:14Z" end-time="2026-08-03 10:10:14Z" duration="0.147303" asserts="0"><properties><property name="_JOINTYPE" value="UnityCombinatorial"></property><property name="retryIteration" value="0"></property><property name="repeatIteration" value="0"></property></properties></test-case><test-case id="1002" name="HoveringOneActiveCardAppliesHoverClassOnlyToThatCard" fullname="BlueprintCivilizations.UI.Tests.PlayMode.BlueprintBoardPlayModeTests.HoveringOneActiveCardAppliesHoverClassOnlyToThatCard" methodname="HoveringOneActiveCardAppliesHoverClassOnlyToThatCard" classname="BlueprintCivilizations.UI.Tests.PlayMode.BlueprintBoardPlayModeTests" runstate="Runnable" seed="963653761" result="Passed" start-time="2026-08-03 10:10:14Z" end-time="2026-08-03 10:10:15Z" duration="0.050975" asserts="0"><properties><property name="_JOINTYPE" value="UnityCombinatorial"></property><property name="retryIteration" value="0"></property><property name="repeatIteration" value="0"></property></properties></test-case><test-case id="1016" name="InvalidDropLeavesStateUnchangedAndReleasesPointerCapture" fullname="BlueprintCivilizations.UI.Tests.PlayMode.BlueprintBoardPlayModeTests.InvalidDropLeavesStateUnchangedAndReleasesPointerCapture" methodname="InvalidDropLeavesStateUnchangedAndReleasesPointerCapture" classname="BlueprintCivilizations.UI.Tests.PlayMode.BlueprintBoardPlayModeTests" runstate="Runnable" seed="1759081274" result="Passed" start-time="2026-08-03 10:10:15Z" end-time="2026-08-03 10:10:15Z" duration="0.048269" asserts="0"><properties><property name="_JOINTYPE" value="UnityCombinatorial"></property><property name="retryIteration" value="0"></property><property name="repeatIteration" value="0"></property></properties></test-case><test-case id="1015" name="InvalidInsertionPreviewIsDistinctAndDropDoesNotMutateState" fullname="BlueprintCivilizations.UI.Tests.PlayMode.BlueprintBoardPlayModeTests.InvalidInsertionPreviewIsDistinctAndDropDoesNotMutateState" methodname="InvalidInsertionPreviewIsDistinctAndDropDoesNotMutateState" classname="BlueprintCivilizations.UI.Tests.PlayMode.BlueprintBoardPlayModeTests" runstate="Runnable" seed="1352353682" result="Passed" start-time="2026-08-03 10:10:15Z" end-time="2026-08-03 10:10:15Z" duration="0.061874" asserts="0"><properties><property name="_JOINTYPE" value="UnityCombinatorial"></property><property name="retryIteration" value="0"></property><property name="repeatIteration" value="0"></property></properties></test-case><test-case id="1011" name="MovingSelectedBlueprintUpdatesDetailsLocation" fullname="BlueprintCivilizations.UI.Tests.PlayMode.BlueprintBoardPlayModeTests.MovingSelectedBlueprintUpdatesDetailsLocation" methodname="MovingSelectedBlueprintUpdatesDetailsLocation" classname="BlueprintCivilizations.UI.Tests.PlayMode.BlueprintBoardPlayModeTests" runstate="Runnable" seed="2007845461" result="Passed" start-time="2026-08-03 10:10:15Z" end-time="2026-08-03 10:10:15Z" duration="0.168246" asserts="0"><properties><property name="_JOINTYPE" value="UnityCombinatorial"></property><property name="retryIteration" value="0"></property><property name="repeatIteration" value="0"></property></properties></test-case><test-case id="1004" name="SelectingBlueprintPopulatesDetailsPanel" fullname="BlueprintCivilizations.UI.Tests.PlayMode.BlueprintBoardPlayModeTests.SelectingBlueprintPopulatesDetailsPanel" methodname="SelectingBlueprintPopulatesDetailsPanel" classname="BlueprintCivilizations.UI.Tests.PlayMode.BlueprintBoardPlayModeTests" runstate="Runnable" seed="759617440" result="Passed" start-time="2026-08-03 10:10:15Z" end-time="2026-08-03 10:10:15Z" duration="0.127732" asserts="0"><properties><property name="_JOINTYPE" value="UnityCombinatorial"></property><property name="retryIteration" value="0"></property><property name="repeatIteration" value="0"></property></properties></test-case><test-case id="1012" name="SwappingBlueprintsUpdatesSelectedNeighborDisplay" fullname="BlueprintCivilizations.UI.Tests.PlayMode.BlueprintBoardPlayModeTests.SwappingBlueprintsUpdatesSelectedNeighborDisplay" methodname="SwappingBlueprintsUpdatesSelectedNeighborDisplay" classname="BlueprintCivilizations.UI.Tests.PlayMode.BlueprintBoardPlayModeTests" runstate="Runnable" seed="1642023355" result="Passed" start-time="2026-08-03 10:10:15Z" end-time="2026-08-03 10:10:15Z" duration="0.173328" asserts="0"><properties><property name="_JOINTYPE" value="UnityCombinatorial"></property><property name="retryIteration" value="0"></property><property name="repeatIteration" value="0"></property></properties></test-case></test-suite></test-suite></test-suite></test-suite></test-suite></test-suite></test-suite>
</test-run>