<?xml version="1.0" encoding="utf-8"?>
<test-run id="2" testcasecount="17" result="Passed" total="17" passed="17" failed="0" inconclusive="0" skipped="0" asserts="0" engine-version="3.5.0.0" clr-version="4.0.30319.42000" start-time="0001-01-01 00:00:00Z" end-time="0001-01-01 00:00:00Z" duration="5.0050156">
  <test-suite type="TestSuite" id="1000" name="BlueprintCivilizations_Unity_M0" fullname="BlueprintCivilizations_Unity_M0" runstate="Runnable" testcasecount="17" result="Passed" start-time="2026-08-03 10:13:00Z" end-time="2026-08-03 10:13:05Z" duration="5.005016" total="17" passed="17" failed="0" inconclusive="0" skipped="0" asserts="0"><properties><property name="platform" value="PlayMode"></property></properties><test-suite type="Assembly" id="1019" name="BlueprintCivilizations.UI.PlayModeTests.dll" fullname="E:/BlueprintCivilizations_Unity_M0/BlueprintCivilizations_Unity_M0/Temp/UnityTempFile-746797b540a840d4fb1326bb97b110d5/PlayerWithTests/PlayerWithTests_Data/Managed/BlueprintCivilizations.UI.PlayModeTests.dll" runstate="Runnable" testcasecount="17" result="Passed" start-time="2026-08-03 10:13:00Z" end-time="2026-08-03 10:13:05Z" duration="4.971287" total="17" passed="17" failed="0" inconclusive="0" skipped="0" asserts="0"><properties><property name="_PID" value="25548"></property><property name="_APPDOMAIN" value="Unity Root Domain"></property><property name="platform" value="PlayMode"></property><property name="EditorOnly" value="False"></property></properties><test-suite type="TestSuite" id="1020" name="BlueprintCivilizations" fullname="BlueprintCivilizations" runstate="Runnable" testcasecount="17" result="Passed" start-time="2026-08-03 10:13:00Z" end-time="2026-08-03 10:13:05Z" duration="4.965089" total="17" passed="17" failed="0" inconclusive="0" skipped="0" asserts="0"><properties></properties><test-suite type="TestSuite" id="1021" name="UI" fullname="BlueprintCivilizations.UI" runstate="Runnable" testcasecount="17" result="Passed" start-time="2026-08-03 10:13:00Z" end-time="2026-08-03 10:13:05Z" duration="4.960233" total="17" passed="17" failed="0" inconclusive="0" skipped="0" asserts="0"><properties></properties><test-suite type="TestSuite" id="1022" name="Tests" fullname="BlueprintCivilizations.UI.Tests" runstate="Runnable" testcasecount="17" result="Passed" start-time="2026-08-03 10:13:00Z" end-time="2026-08-03 10:13:05Z" duration="4.940695" total="17" passed="17" failed="0" inconclusive="0" skipped="0" asserts="0"><properties></properties><test-suite type="TestSuite" id="1023" name="PlayMode" fullname="BlueprintCivilizations.UI.Tests.PlayMode" runstate="Runnable" testcasecount="17" result="Passed" start-time="2026-08-03 10:13:00Z" end-time="2026-08-03 10:13:05Z" duration="4.936690" total="17" passed="17" failed="0" inconclusive="0" skipped="0" asserts="0"><properties></properties><test-suite type="TestFixture" id="1001" name="BlueprintBoardPlayModeTests" fullname="BlueprintCivilizations.UI.Tests.PlayMode.BlueprintBoardPlayModeTests" classname="BlueprintCivilizations.UI.Tests.PlayMode.BlueprintBoardPlayModeTests" runstate="Runnable" testcasecount="17" result="Passed" start-time="2026-08-03 10:13:00Z" end-time="2026-08-03 10:13:05Z" duration="4.930858" total="17" passed="17" failed="0" inconclusive="0" skipped="0" asserts="0"><properties></properties><test-case id="1013" name="ActiveInsertionDragReordersBlueprints" fullname="BlueprintCivilizations.UI.Tests.PlayMode.BlueprintBoardPlayModeTests.ActiveInsertionDragReordersBlueprints" methodname="ActiveInsertionDragReordersBlueprints" classname="BlueprintCivilizations.UI.Tests.PlayMode.BlueprintBoardPlayModeTests" runstate="Runnable" seed="779128076" result="Passed" start-time="2026-08-03 10:13:00Z" end-time="2026-08-03 10:13:03Z" duration="3.294320" asserts="0"><properties><property name="_JOINTYPE" value="UnityCombinatorial"></property><property name="retryIteration" value="0"></property><property name="repeatIteration" value="0"></property></properties></test-case><test-case id="1008" name="ActiveToBenchDragBenchesBlueprint" fullname="BlueprintCivilizations.UI.Tests.PlayMode.BlueprintBoardPlayModeTests.ActiveToBenchDragBenchesBlueprint" methodname="ActiveToBenchDragBenchesBlueprint" classname="BlueprintCivilizations.UI.Tests.PlayMode.BlueprintBoardPlayModeTests" runstate="Runnable" seed="1047213024" result="Passed" start-time="2026-08-03 10:13:03Z" end-time="2026-08-03 10:13:03Z" duration="0.080029" asserts="0"><properties><property name="_JOINTYPE" value="UnityCombinatorial"></property><property name="retryIteration" value="0"></property><property name="repeatIteration" value="0"></property></properties></test-case><test-case id="1010" name="ActiveToEmptySlotDragMovesBlueprintAndPreservesSelection" fullname="BlueprintCivilizations.UI.Tests.PlayMode.BlueprintBoardPlayModeTests.ActiveToEmptySlotDragMovesBlueprintAndPreservesSelection" methodname="ActiveToEmptySlotDragMovesBlueprintAndPreservesSelection" classname="BlueprintCivilizations.UI.Tests.PlayMode.BlueprintBoardPlayModeTests" runstate="Runnable" seed="826085062" result="Passed" start-time="2026-08-03 10:13:03Z" end-time="2026-08-03 10:13:03Z" duration="0.197470" asserts="0"><properties><property name="_JOINTYPE" value="UnityCombinatorial"></property><property name="retryIteration" value="0"></property><property name="repeatIteration" value="0"></property></properties></test-case><test-case id="1009" name="ActiveToOccupiedActiveSlotDragSwapsBlueprints" fullname="BlueprintCivilizations.UI.Tests.PlayMode.BlueprintBoardPlayModeTests.ActiveToOccupiedActiveSlotDragSwapsBlueprints" methodname="ActiveToOccupiedActiveSlotDragSwapsBlueprints" classname="BlueprintCivilizations.UI.Tests.PlayMode.BlueprintBoardPlayModeTests" runstate="Runnable" seed="755430506" result="Passed" start-time="2026-08-03 10:13:03Z" end-time="2026-08-03 10:13:03Z" duration="0.047701" asserts="0"><properties><property name="_JOINTYPE" value="UnityCombinatorial"></property><property name="retryIteration" value="0"></property><property name="repeatIteration" value="0"></property></properties></test-case><test-case id="1006" name="BenchToEmptyActiveSlotDragActivatesBlueprint" fullname="BlueprintCivilizations.UI.Tests.PlayMode.BlueprintBoardPlayModeTests.BenchToEmptyActiveSlotDragActivatesBlueprint" methodname="BenchToEmptyActiveSlotDragActivatesBlueprint" classname="BlueprintCivilizations.UI.Tests.PlayMode.BlueprintBoardPlayModeTests" runstate="Runnable" seed="354532512" result="Passed" start-time="2026-08-03 10:13:03Z" end-time="2026-08-03 10:13:03Z" duration="0.075141" asserts="0"><properties><property name="_JOINTYPE" value="UnityCombinatorial"></property><property name="retryIteration" value="0"></property><property name="repeatIteration" value="0"></property></properties></test-case><test-case id="1007" name="BenchToOccupiedActiveSlotDragUsesDocumentedInsertion" fullname="BlueprintCivilizations.UI.Tests.PlayMode.BlueprintBoardPlayModeTests.BenchToOccupiedActiveSlotDragUsesDocumentedInsertion" methodname="BenchToOccupiedActiveSlotDragUsesDocumentedInsertion" classname="BlueprintCivilizations.UI.Tests.PlayMode.BlueprintBoardPlayModeTests" runstate="Runnable" seed="1713388741" result="Passed" start-time="2026-08-03 10:13:03Z" end-time="2026-08-03 10:13:04Z" duration="0.118480" asserts="0"><properties><property name="_JOINTYPE" value="UnityCombinatorial"></property><property name="retryIteration" value="0"></property><property name="repeatIteration" value="0"></property></properties></test-case><test-case id="1005" name="ChangingSelectionUpdatesDetailsAndClearingRestoresEmptyState" fullname="BlueprintCivilizations.UI.Tests.PlayMode.BlueprintBoardPlayModeTests.ChangingSelectionUpdatesDetailsAndClearingRestoresEmptyState" methodname="ChangingSelectionUpdatesDetailsAndClearingRestoresEmptyState" classname="BlueprintCivilizations.UI.Tests.PlayMode.BlueprintBoardPlayModeTests" runstate="Runnable" seed="1967680001" result="Passed" start-time="2026-08-03 10:13:04Z" end-time="2026-08-03 10:13:04Z" duration="0.090155" asserts="0"><properties><property name="_JOINTYPE" value="UnityCombinatorial"></property><property name="retryIteration" value="0"></property><property name="repeatIteration" value="0"></property></properties></test-case><test-case id="1003" name="ClickingFirstThenSecondCardTransfersSelection" fullname="BlueprintCivilizations.UI.Tests.PlayMode.BlueprintBoardPlayModeTests.ClickingFirstThenSecondCardTransfersSelection" methodname="ClickingFirstThenSecondCardTransfersSelection" classname="BlueprintCivilizations.UI.Tests.PlayMode.BlueprintBoardPlayModeTests" runstate="Runnable" seed="1891969994" result="Passed" start-time="2026-08-03 10:13:04Z" end-time="2026-08-03 10:13:04Z" duration="0.070592" asserts="0"><properties><property name="_JOINTYPE" value="UnityCombinatorial"></property><property name="retryIteration" value="0"></property><property name="repeatIteration" value="0"></property></properties></test-case><test-case id="1017" name="DetailsPanelSurvivesWideAndNarrowResponsiveLayout" fullname="BlueprintCivilizations.UI.Tests.PlayMode.BlueprintBoardPlayModeTests.DetailsPanelSurvivesWideAndNarrowResponsiveLayout" methodname="DetailsPanelSurvivesWideAndNarrowResponsiveLayout" classname="BlueprintCivilizations.UI.Tests.PlayMode.BlueprintBoardPlayModeTests" runstate="Runnable" seed="1018251948" result="Passed" start-time="2026-08-03 10:13:04Z" end-time="2026-08-03 10:13:04Z" duration="0.129095" asserts="0"><properties><property name="_JOINTYPE" value="UnityCombinatorial"></property><property name="retryIteration" value="0"></property><property name="repeatIteration" value="0"></property></properties></test-case><test-case id="1018" name="DisableEnableDoesNotAccumulateCallbacksAndRestoresPersistedBoard" fullname="BlueprintCivilizations.UI.Tests.PlayMode.BlueprintBoardPlayModeTests.DisableEnableDoesNotAccumulateCallbacksAndRestoresPersistedBoard" methodname="DisableEnableDoesNotAccumulateCallbacksAndRestoresPersistedBoard" classname="BlueprintCivilizations.UI.Tests.PlayMode.BlueprintBoardPlayModeTests" runstate="Runnable" seed="1054230142" result="Passed" start-time="2026-08-03 10:13:04Z" end-time="2026-08-03 10:13:04Z" duration="0.190018" asserts="0"><properties><property name="_JOINTYPE" value="UnityCombinatorial"></property><property name="retryIteration" value="0"></property><property name="repeatIteration" value="0"></property></properties></test-case><test-case id="1014" name="DragThresholdShowsGhostSourceAndValidTargetPreviewBeforeRelease" fullname="BlueprintCivilizations.UI.Tests.PlayMode.BlueprintBoardPlayModeTests.DragThresholdShowsGhostSourceAndValidTargetPreviewBeforeRelease" methodname="DragThresholdShowsGhostSourceAndValidTargetPreviewBeforeRelease" classname="BlueprintCivilizations.UI.Tests.PlayMode.BlueprintBoardPlayModeTests" runstate="Runnable" seed="1072574686" result="Passed" start-time="2026-08-03 10:13:04Z" end-time="2026-08-03 10:13:04Z" duration="0.056482" asserts="0"><properties><property name="_JOINTYPE" value="UnityCombinatorial"></property><property name="retryIteration" value="0"></property><property name="repeatIteration" value="0"></property></properties></test-case><test-case id="1002" name="HoveringOneActiveCardAppliesHoverClassOnlyToThatCard" fullname="BlueprintCivilizations.UI.Tests.PlayMode.BlueprintBoardPlayModeTests.HoveringOneActiveCardAppliesHoverClassOnlyToThatCard" methodname="HoveringOneActiveCardAppliesHoverClassOnlyToThatCard" classname="BlueprintCivilizations.UI.Tests.PlayMode.BlueprintBoardPlayModeTests" runstate="Runnable" seed="554538887" result="Passed" start-time="2026-08-03 10:13:04Z" end-time="2026-08-03 10:13:04Z" duration="0.065638" asserts="0"><properties><property name="_JOINTYPE" value="UnityCombinatorial"></property><property name="retryIteration" value="0"></property><property name="repeatIteration" value="0"></property></properties></test-case><test-case id="1016" name="InvalidDropLeavesStateUnchangedAndReleasesPointerCapture" fullname="BlueprintCivilizations.UI.Tests.PlayMode.BlueprintBoardPlayModeTests.InvalidDropLeavesStateUnchangedAndReleasesPointerCapture" methodname="InvalidDropLeavesStateUnchangedAndReleasesPointerCapture" classname="BlueprintCivilizations.UI.Tests.PlayMode.BlueprintBoardPlayModeTests" runstate="Runnable" seed="869268486" result="Passed" start-time="2026-08-03 10:13:04Z" end-time="2026-08-03 10:13:04Z" duration="0.036804" asserts="0"><properties><property name="_JOINTYPE" value="UnityCombinatorial"></property><property name="retryIteration" value="0"></property><property name="repeatIteration" value="0"></property></properties></test-case><test-case id="1015" name="InvalidInsertionPreviewIsDistinctAndDropDoesNotMutateState" fullname="BlueprintCivilizations.UI.Tests.PlayMode.BlueprintBoardPlayModeTests.InvalidInsertionPreviewIsDistinctAndDropDoesNotMutateState" methodname="InvalidInsertionPreviewIsDistinctAndDropDoesNotMutateState" classname="BlueprintCivilizations.UI.Tests.PlayMode.BlueprintBoardPlayModeTests" runstate="Runnable" seed="1600272570" result="Passed" start-time="2026-08-03 10:13:04Z" end-time="2026-08-03 10:13:04Z" duration="0.048579" asserts="0"><properties><property name="_JOINTYPE" value="UnityCombinatorial"></property><property name="retryIteration" value="0"></property><property name="repeatIteration" value="0"></property></properties></test-case><test-case id="1011" name="MovingSelectedBlueprintUpdatesDetailsLocation" fullname="BlueprintCivilizations.UI.Tests.PlayMode.BlueprintBoardPlayModeTests.MovingSelectedBlueprintUpdatesDetailsLocation" methodname="MovingSelectedBlueprintUpdatesDetailsLocation" classname="BlueprintCivilizations.UI.Tests.PlayMode.BlueprintBoardPlayModeTests" runstate="Runnable" seed="2251858" result="Passed" start-time="2026-08-03 10:13:04Z" end-time="2026-08-03 10:13:04Z" duration="0.091132" asserts="0"><properties><property name="_JOINTYPE" value="UnityCombinatorial"></property><property name="retryIteration" value="0"></property><property name="repeatIteration" value="0"></property></properties></test-case><test-case id="1004" name="SelectingBlueprintPopulatesDetailsPanel" fullname="BlueprintCivilizations.UI.Tests.PlayMode.BlueprintBoardPlayModeTests.SelectingBlueprintPopulatesDetailsPanel" methodname="SelectingBlueprintPopulatesDetailsPanel" classname="BlueprintCivilizations.UI.Tests.PlayMode.BlueprintBoardPlayModeTests" runstate="Runnable" seed="1549815630" result="Passed" start-time="2026-08-03 10:13:04Z" end-time="2026-08-03 10:13:04Z" duration="0.088939" asserts="0"><properties><property name="_JOINTYPE" value="UnityCombinatorial"></property><property name="retryIteration" value="0"></property><property name="repeatIteration" value="0"></property></properties></test-case><test-case id="1012" name="SwappingBlueprintsUpdatesSelectedNeighborDisplay" fullname="BlueprintCivilizations.UI.Tests.PlayMode.BlueprintBoardPlayModeTests.SwappingBlueprintsUpdatesSelectedNeighborDisplay" methodname="SwappingBlueprintsUpdatesSelectedNeighborDisplay" classname="BlueprintCivilizations.UI.Tests.PlayMode.BlueprintBoardPlayModeTests" runstate="Runnable" seed="1765938518" result="Passed" start-time="2026-08-03 10:13:04Z" end-time="2026-08-03 10:13:05Z" duration="0.201153" asserts="0"><properties><property name="_JOINTYPE" value="UnityCombinatorial"></property><property name="retryIteration" value="0"></property><property name="repeatIteration" value="0"></property></properties></test-case></test-suite></test-suite></test-suite></test-suite></test-suite></test-suite></test-suite>
</test-run>