<?xml version="1.0" encoding="utf-8"?>
<test-run id="2" testcasecount="54" result="Failed(Child)" total="54" passed="50" failed="4" inconclusive="0" skipped="0" asserts="0" engine-version="3.5.0.0" clr-version="4.0.30319.42000" start-time="2026-08-02 16:49:41Z" end-time="2026-08-02 16:49:42Z" duration="1.4162138">
  <test-suite type="TestSuite" id="1065" name="BlueprintCivilizations_Unity_M0" fullname="BlueprintCivilizations_Unity_M0" runstate="Runnable" testcasecount="54" result="Failed" site="Child" start-time="2026-08-02 16:49:41Z" end-time="2026-08-02 16:49:42Z" duration="1.416214" total="54" passed="50" failed="4" inconclusive="0" skipped="0" asserts="0">
    <properties>
      <property name="platform" value="EditMode" />
    </properties>
    <failure>
      <message><![CDATA[One or more child tests had errors]]></message>
    </failure>
    <test-suite type="Assembly" id="1036" name="BlueprintCivilizations.Blueprints.Tests.dll" fullname="E:/BlueprintCivilizations_Unity_M0/BlueprintCivilizations_Unity_M0/Library/ScriptAssemblies/BlueprintCivilizations.Blueprints.Tests.dll" runstate="Runnable" testcasecount="34" result="Failed" site="Child" start-time="2026-08-02 16:49:41Z" end-time="2026-08-02 16:49:41Z" duration="0.642792" total="34" passed="30" failed="4" inconclusive="0" skipped="0" asserts="0">
      <properties>
        <property name="_PID" value="18384" />
        <property name="_APPDOMAIN" value="Unity Child Domain" />
        <property name="platform" value="EditMode" />
        <property name="EditorOnly" value="True" />
      </properties>
      <failure>
        <message><![CDATA[One or more child tests had errors]]></message>
      </failure>
      <test-suite type="TestSuite" id="1037" name="BlueprintCivilizations" fullname="BlueprintCivilizations" runstate="Runnable" testcasecount="34" result="Failed" site="Child" start-time="2026-08-02 16:49:41Z" end-time="2026-08-02 16:49:41Z" duration="0.642313" total="34" passed="30" failed="4" inconclusive="0" skipped="0" asserts="0">
        <properties />
        <failure>
          <message><![CDATA[One or more child tests had errors]]></message>
        </failure>
        <test-suite type="TestSuite" id="1038" name="Blueprints" fullname="BlueprintCivilizations.Blueprints" runstate="Runnable" testcasecount="34" result="Failed" site="Child" start-time="2026-08-02 16:49:41Z" end-time="2026-08-02 16:49:41Z" duration="0.642150" total="34" passed="30" failed="4" inconclusive="0" skipped="0" asserts="0">
          <properties />
          <failure>
            <message><![CDATA[One or more child tests had errors]]></message>
          </failure>
          <test-suite type="TestSuite" id="1039" name="Tests" fullname="BlueprintCivilizations.Blueprints.Tests" runstate="Runnable" testcasecount="34" result="Failed" site="Child" start-time="2026-08-02 16:49:41Z" end-time="2026-08-02 16:49:41Z" duration="0.641971" total="34" passed="30" failed="4" inconclusive="0" skipped="0" asserts="0">
            <properties />
            <failure>
              <message><![CDATA[One or more child tests had errors]]></message>
            </failure>
            <test-suite type="TestFixture" id="1001" name="BlueprintBoardTests" fullname="BlueprintCivilizations.Blueprints.Tests.BlueprintBoardTests" classname="BlueprintCivilizations.Blueprints.Tests.BlueprintBoardTests" runstate="Runnable" testcasecount="34" result="Failed" site="Child" start-time="2026-08-02 16:49:41Z" end-time="2026-08-02 16:49:41Z" duration="0.640320" total="34" passed="30" failed="4" inconclusive="0" skipped="0" asserts="0">
              <properties />
              <failure>
                <message><![CDATA[One or more child tests had errors]]></message>
              </failure>
              <test-case id="1002" name="ActivateBlueprint_WhenCapacityExists_MovesFromBenchToRequestedSlot" fullname="BlueprintCivilizations.Blueprints.Tests.BlueprintBoardTests.ActivateBlueprint_WhenCapacityExists_MovesFromBenchToRequestedSlot" methodname="ActivateBlueprint_WhenCapacityExists_MovesFromBenchToRequestedSlot" classname="BlueprintCivilizations.Blueprints.Tests.BlueprintBoardTests" runstate="Runnable" seed="1834748275" result="Passed" start-time="2026-08-02 16:49:41Z" end-time="2026-08-02 16:49:41Z" duration="0.036191" asserts="0">
                <properties>
                  <property name="retryIteration" value="0" />
                  <property name="repeatIteration" value="0" />
                </properties>
              </test-case>
              <test-case id="1003" name="ActivateBlueprint_WhenCapacityIsFull_ReturnsFailureWithoutMutation" fullname="BlueprintCivilizations.Blueprints.Tests.BlueprintBoardTests.ActivateBlueprint_WhenCapacityIsFull_ReturnsFailureWithoutMutation" methodname="ActivateBlueprint_WhenCapacityIsFull_ReturnsFailureWithoutMutation" classname="BlueprintCivilizations.Blueprints.Tests.BlueprintBoardTests" runstate="Runnable" seed="1383913540" result="Passed" start-time="2026-08-02 16:49:41Z" end-time="2026-08-02 16:49:41Z" duration="0.001341" asserts="0">
                <properties>
                  <property name="retryIteration" value="0" />
                  <property name="repeatIteration" value="0" />
                </properties>
              </test-case>
              <test-case id="1004" name="ActivateBlueprint_WhenInsertionSlotIsOccupied_ShiftsTowardNearestEmptySlot" fullname="BlueprintCivilizations.Blueprints.Tests.BlueprintBoardTests.ActivateBlueprint_WhenInsertionSlotIsOccupied_ShiftsTowardNearestEmptySlot" methodname="ActivateBlueprint_WhenInsertionSlotIsOccupied_ShiftsTowardNearestEmptySlot" classname="BlueprintCivilizations.Blueprints.Tests.BlueprintBoardTests" runstate="Runnable" seed="1887135044" result="Passed" start-time="2026-08-02 16:49:41Z" end-time="2026-08-02 16:49:41Z" duration="0.001700" asserts="0">
                <properties>
                  <property name="retryIteration" value="0" />
                  <property name="repeatIteration" value="0" />
                </properties>
              </test-case>
              <test-case id="1013" name="Adjacency_MatchingTagsRaceAndTier_UsesInjectedDefinitionMetadata" fullname="BlueprintCivilizations.Blueprints.Tests.BlueprintBoardTests.Adjacency_MatchingTagsRaceAndTier_UsesInjectedDefinitionMetadata" methodname="Adjacency_MatchingTagsRaceAndTier_UsesInjectedDefinitionMetadata" classname="BlueprintCivilizations.Blueprints.Tests.BlueprintBoardTests" runstate="Runnable" seed="185152080" result="Passed" start-time="2026-08-02 16:49:41Z" end-time="2026-08-02 16:49:41Z" duration="0.005090" asserts="0">
                <properties>
                  <property name="retryIteration" value="0" />
                  <property name="repeatIteration" value="0" />
                </properties>
              </test-case>
              <test-case id="1012" name="Adjacency_QueriesImmediateAndDirectionalRelationships_InSlotOrder" fullname="BlueprintCivilizations.Blueprints.Tests.BlueprintBoardTests.Adjacency_QueriesImmediateAndDirectionalRelationships_InSlotOrder" methodname="Adjacency_QueriesImmediateAndDirectionalRelationships_InSlotOrder" classname="BlueprintCivilizations.Blueprints.Tests.BlueprintBoardTests" runstate="Runnable" seed="932298833" result="Passed" start-time="2026-08-02 16:49:41Z" end-time="2026-08-02 16:49:41Z" duration="0.002344" asserts="0">
                <properties>
                  <property name="retryIteration" value="0" />
                  <property name="repeatIteration" value="0" />
                </properties>
              </test-case>
              <test-case id="1005" name="BenchBlueprint_WhenActive_DeactivatesAndAppendsToBench" fullname="BlueprintCivilizations.Blueprints.Tests.BlueprintBoardTests.BenchBlueprint_WhenActive_DeactivatesAndAppendsToBench" methodname="BenchBlueprint_WhenActive_DeactivatesAndAppendsToBench" classname="BlueprintCivilizations.Blueprints.Tests.BlueprintBoardTests" runstate="Runnable" seed="810843062" result="Passed" start-time="2026-08-02 16:49:41Z" end-time="2026-08-02 16:49:41Z" duration="0.001266" asserts="0">
                <properties>
                  <property name="retryIteration" value="0" />
                  <property name="repeatIteration" value="0" />
                </properties>
              </test-case>
              <test-case id="1026" name="BlueprintBoardAssets_LoadAndViewRendersHorizontalCapacitySlots" fullname="BlueprintCivilizations.Blueprints.Tests.BlueprintBoardTests.BlueprintBoardAssets_LoadAndViewRendersHorizontalCapacitySlots" methodname="BlueprintBoardAssets_LoadAndViewRendersHorizontalCapacitySlots" classname="BlueprintCivilizations.Blueprints.Tests.BlueprintBoardTests" runstate="Runnable" seed="878884491" result="Passed" start-time="2026-08-02 16:49:41Z" end-time="2026-08-02 16:49:41Z" duration="0.085394" asserts="0">
                <properties>
                  <property name="retryIteration" value="0" />
                  <property name="repeatIteration" value="0" />
                </properties>
              </test-case>
              <test-case id="1027" name="BlueprintBoardPanelFactory_WithProjectAssets_ConstructsRuntimePanel" fullname="BlueprintCivilizations.Blueprints.Tests.BlueprintBoardTests.BlueprintBoardPanelFactory_WithProjectAssets_ConstructsRuntimePanel" methodname="BlueprintBoardPanelFactory_WithProjectAssets_ConstructsRuntimePanel" classname="BlueprintCivilizations.Blueprints.Tests.BlueprintBoardTests" runstate="Runnable" seed="1492083249" result="Passed" start-time="2026-08-02 16:49:41Z" end-time="2026-08-02 16:49:41Z" duration="0.023870" asserts="0">
                <properties>
                  <property name="retryIteration" value="0" />
                  <property name="repeatIteration" value="0" />
                </properties>
              </test-case>
              <test-case id="1034" name="BlueprintBoardSandboxDependencies_WhenUxmlIsMissing_FailsBeforeCreatingPanelSettings" fullname="BlueprintCivilizations.Blueprints.Tests.BlueprintBoardTests.BlueprintBoardSandboxDependencies_WhenUxmlIsMissing_FailsBeforeCreatingPanelSettings" methodname="BlueprintBoardSandboxDependencies_WhenUxmlIsMissing_FailsBeforeCreatingPanelSettings" classname="BlueprintCivilizations.Blueprints.Tests.BlueprintBoardTests" runstate="Runnable" seed="406262349" result="Passed" start-time="2026-08-02 16:49:41Z" end-time="2026-08-02 16:49:41Z" duration="0.007883" asserts="0">
                <properties>
                  <property name="retryIteration" value="0" />
                  <property name="repeatIteration" value="0" />
                </properties>
              </test-case>
              <test-case id="1028" name="BlueprintBoardSandboxInitialState_HasTwoActiveAndTwoBenchedBlueprints" fullname="BlueprintCivilizations.Blueprints.Tests.BlueprintBoardTests.BlueprintBoardSandboxInitialState_HasTwoActiveAndTwoBenchedBlueprints" methodname="BlueprintBoardSandboxInitialState_HasTwoActiveAndTwoBenchedBlueprints" classname="BlueprintCivilizations.Blueprints.Tests.BlueprintBoardTests" runstate="Runnable" seed="462411712" result="Passed" start-time="2026-08-02 16:49:41Z" end-time="2026-08-02 16:49:41Z" duration="0.000622" asserts="0">
                <properties>
                  <property name="retryIteration" value="0" />
                  <property name="repeatIteration" value="0" />
                </properties>
              </test-case>
              <test-case id="1031" name="BlueprintBoardSandboxPanelSettings_WhenLoadedAgain_ReusesSingleAsset" fullname="BlueprintCivilizations.Blueprints.Tests.BlueprintBoardTests.BlueprintBoardSandboxPanelSettings_WhenLoadedAgain_ReusesSingleAsset" methodname="BlueprintBoardSandboxPanelSettings_WhenLoadedAgain_ReusesSingleAsset" classname="BlueprintCivilizations.Blueprints.Tests.BlueprintBoardTests" runstate="Runnable" seed="1292550865" result="Passed" start-time="2026-08-02 16:49:41Z" end-time="2026-08-02 16:49:41Z" duration="0.169339" asserts="0">
                <properties>
                  <property name="retryIteration" value="0" />
                  <property name="repeatIteration" value="0" />
                </properties>
              </test-case>
              <test-case id="1030" name="BlueprintBoardSandboxPanelSettings_WhenMissing_CreatesSavesAndReloadsPersistentAsset" fullname="BlueprintCivilizations.Blueprints.Tests.BlueprintBoardTests.BlueprintBoardSandboxPanelSettings_WhenMissing_CreatesSavesAndReloadsPersistentAsset" methodname="BlueprintBoardSandboxPanelSettings_WhenMissing_CreatesSavesAndReloadsPersistentAsset" classname="BlueprintCivilizations.Blueprints.Tests.BlueprintBoardTests" runstate="Runnable" seed="1593297450" result="Passed" start-time="2026-08-02 16:49:41Z" end-time="2026-08-02 16:49:41Z" duration="0.108118" asserts="0">
                <properties>
                  <property name="retryIteration" value="0" />
                  <property name="repeatIteration" value="0" />
                </properties>
              </test-case>
              <test-case id="1033" name="BlueprintBoardSandboxSceneComposition_WhenPanelReferenceIsMissing_RepairsReference" fullname="BlueprintCivilizations.Blueprints.Tests.BlueprintBoardTests.BlueprintBoardSandboxSceneComposition_WhenPanelReferenceIsMissing_RepairsReference" methodname="BlueprintBoardSandboxSceneComposition_WhenPanelReferenceIsMissing_RepairsReference" classname="BlueprintCivilizations.Blueprints.Tests.BlueprintBoardTests" runstate="Runnable" seed="1892003755" result="Failed" label="Error" start-time="2026-08-02 16:49:41Z" end-time="2026-08-02 16:49:41Z" duration="0.007347" asserts="0">
                <properties>
                  <property name="retryIteration" value="0" />
                  <property name="repeatIteration" value="0" />
                </properties>
                <failure>
                  <message><![CDATA[System.InvalidOperationException : Cannot create a new scene additively with an untitled scene unsaved.]]></message>
                  <stack-trace><![CDATA[  at (wrapper managed-to-native) UnityEditor.SceneManagement.EditorSceneManager.NewScene_Injected(UnityEditor.SceneManagement.NewSceneSetup,UnityEditor.SceneManagement.NewSceneMode,UnityEngine.SceneManagement.Scene&)
  at UnityEditor.SceneManagement.EditorSceneManager.NewScene (UnityEditor.SceneManagement.NewSceneSetup setup, UnityEditor.SceneManagement.NewSceneMode mode) [0x00000] in <45a25ee722e046a6abe01ea3927f9b50>:0 
  at BlueprintCivilizations.Blueprints.Tests.BlueprintBoardTests.BlueprintBoardSandboxSceneComposition_WhenPanelReferenceIsMissing_RepairsReference () [0x00006] in E:\BlueprintCivilizations_Unity_M0\BlueprintCivilizations_Unity_M0\Assets\_Game\Blueprints\Tests\Editor\BlueprintBoardTests.cs:478 
  at (wrapper managed-to-native) System.Reflection.RuntimeMethodInfo.InternalInvoke(System.Reflection.RuntimeMethodInfo,object,object[],System.Exception&)
  at System.Reflection.RuntimeMethodInfo.Invoke (System.Object obj, System.Reflection.BindingFlags invokeAttr, System.Reflection.Binder binder, System.Object[] parameters, System.Globalization.CultureInfo culture) [0x0006a] in <901293c591874400b128ee88bd0b2657>:0 ]]></stack-trace>
                </failure>
              </test-case>
              <test-case id="1029" name="BlueprintBoardSandboxSceneComposition_WhenRunTwice_DoesNotDuplicateBootstrapOrDocument" fullname="BlueprintCivilizations.Blueprints.Tests.BlueprintBoardTests.BlueprintBoardSandboxSceneComposition_WhenRunTwice_DoesNotDuplicateBootstrapOrDocument" methodname="BlueprintBoardSandboxSceneComposition_WhenRunTwice_DoesNotDuplicateBootstrapOrDocument" classname="BlueprintCivilizations.Blueprints.Tests.BlueprintBoardTests" runstate="Runnable" seed="1188672098" result="Failed" label="Error" start-time="2026-08-02 16:49:41Z" end-time="2026-08-02 16:49:41Z" duration="0.002103" asserts="0">
                <properties>
                  <property name="retryIteration" value="0" />
                  <property name="repeatIteration" value="0" />
                </properties>
                <failure>
                  <message><![CDATA[System.InvalidOperationException : Cannot create a new scene additively with an untitled scene unsaved.]]></message>
                  <stack-trace><![CDATA[  at (wrapper managed-to-native) UnityEditor.SceneManagement.EditorSceneManager.NewScene_Injected(UnityEditor.SceneManagement.NewSceneSetup,UnityEditor.SceneManagement.NewSceneMode,UnityEngine.SceneManagement.Scene&)
  at UnityEditor.SceneManagement.EditorSceneManager.NewScene (UnityEditor.SceneManagement.NewSceneSetup setup, UnityEditor.SceneManagement.NewSceneMode mode) [0x00000] in <45a25ee722e046a6abe01ea3927f9b50>:0 
  at BlueprintCivilizations.Blueprints.Tests.BlueprintBoardTests.BlueprintBoardSandboxSceneComposition_WhenRunTwice_DoesNotDuplicateBootstrapOrDocument () [0x00027] in E:\BlueprintCivilizations_Unity_M0\BlueprintCivilizations_Unity_M0\Assets\_Game\Blueprints\Tests\Editor\BlueprintBoardTests.cs:393 
  at (wrapper managed-to-native) System.Reflection.RuntimeMethodInfo.InternalInvoke(System.Reflection.RuntimeMethodInfo,object,object[],System.Exception&)
  at System.Reflection.RuntimeMethodInfo.Invoke (System.Object obj, System.Reflection.BindingFlags invokeAttr, System.Reflection.Binder binder, System.Object[] parameters, System.Globalization.CultureInfo culture) [0x0006a] in <901293c591874400b128ee88bd0b2657>:0 ]]></stack-trace>
                </failure>
              </test-case>
              <test-case id="1032" name="BlueprintBoardSandboxSceneComposition_WhenUidocumentIsMissing_AddsRequiredComponent" fullname="BlueprintCivilizations.Blueprints.Tests.BlueprintBoardTests.BlueprintBoardSandboxSceneComposition_WhenUidocumentIsMissing_AddsRequiredComponent" methodname="BlueprintBoardSandboxSceneComposition_WhenUidocumentIsMissing_AddsRequiredComponent" classname="BlueprintCivilizations.Blueprints.Tests.BlueprintBoardTests" runstate="Runnable" seed="915956140" result="Failed" label="Error" start-time="2026-08-02 16:49:41Z" end-time="2026-08-02 16:49:41Z" duration="0.002406" asserts="0">
                <properties>
                  <property name="retryIteration" value="0" />
                  <property name="repeatIteration" value="0" />
                </properties>
                <failure>
                  <message><![CDATA[System.InvalidOperationException : Cannot create a new scene additively with an untitled scene unsaved.]]></message>
                  <stack-trace><![CDATA[  at (wrapper managed-to-native) UnityEditor.SceneManagement.EditorSceneManager.NewScene_Injected(UnityEditor.SceneManagement.NewSceneSetup,UnityEditor.SceneManagement.NewSceneMode,UnityEngine.SceneManagement.Scene&)
  at UnityEditor.SceneManagement.EditorSceneManager.NewScene (UnityEditor.SceneManagement.NewSceneSetup setup, UnityEditor.SceneManagement.NewSceneMode mode) [0x00000] in <45a25ee722e046a6abe01ea3927f9b50>:0 
  at BlueprintCivilizations.Blueprints.Tests.BlueprintBoardTests.BlueprintBoardSandboxSceneComposition_WhenUidocumentIsMissing_AddsRequiredComponent () [0x00006] in E:\BlueprintCivilizations_Unity_M0\BlueprintCivilizations_Unity_M0\Assets\_Game\Blueprints\Tests\Editor\BlueprintBoardTests.cs:454 
  at (wrapper managed-to-native) System.Reflection.RuntimeMethodInfo.InternalInvoke(System.Reflection.RuntimeMethodInfo,object,object[],System.Exception&)
  at System.Reflection.RuntimeMethodInfo.Invoke (System.Object obj, System.Reflection.BindingFlags invokeAttr, System.Reflection.Binder binder, System.Object[] parameters, System.Globalization.CultureInfo culture) [0x0006a] in <901293c591874400b128ee88bd0b2657>:0 ]]></stack-trace>
                </failure>
              </test-case>
              <test-case id="1035" name="BlueprintBoardSandboxSceneCreation_WhenRunTwice_ReusesAssetsAndRepairsSingleScene" fullname="BlueprintCivilizations.Blueprints.Tests.BlueprintBoardTests.BlueprintBoardSandboxSceneCreation_WhenRunTwice_ReusesAssetsAndRepairsSingleScene" methodname="BlueprintBoardSandboxSceneCreation_WhenRunTwice_ReusesAssetsAndRepairsSingleScene" classname="BlueprintCivilizations.Blueprints.Tests.BlueprintBoardTests" runstate="Runnable" seed="1453148979" result="Failed" label="Error" start-time="2026-08-02 16:49:41Z" end-time="2026-08-02 16:49:41Z" duration="0.139280" asserts="0">
                <properties>
                  <property name="retryIteration" value="0" />
                  <property name="repeatIteration" value="0" />
                </properties>
                <failure>
                  <message><![CDATA[System.ArgumentException : Invalid SceneManagerSetup:
 No loaded scene found.
 One active scene is required. Number of active scenes: 0]]></message>
                  <stack-trace><![CDATA[  at (wrapper managed-to-native) UnityEditor.SceneManagement.EditorSceneManager.RestoreSceneManagerSetup(UnityEditor.SceneManagement.SceneSetup[])
  at BlueprintCivilizations.Blueprints.Tests.BlueprintBoardTests.BlueprintBoardSandboxSceneCreation_WhenRunTwice_ReusesAssetsAndRepairsSingleScene () [0x00151] in E:\BlueprintCivilizations_Unity_M0\BlueprintCivilizations_Unity_M0\Assets\_Game\Blueprints\Tests\Editor\BlueprintBoardTests.cs:547 
  at (wrapper managed-to-native) System.Reflection.RuntimeMethodInfo.InternalInvoke(System.Reflection.RuntimeMethodInfo,object,object[],System.Exception&)
  at System.Reflection.RuntimeMethodInfo.Invoke (System.Object obj, System.Reflection.BindingFlags invokeAttr, System.Reflection.Binder binder, System.Object[] parameters, System.Globalization.CultureInfo culture) [0x0006a] in <901293c591874400b128ee88bd0b2657>:0 ]]></stack-trace>
                </failure>
              </test-case>
              <test-case id="1011" name="Capacity_WhenExpandedAddsSlots_AndUnsafeShrinkIsRejected" fullname="BlueprintCivilizations.Blueprints.Tests.BlueprintBoardTests.Capacity_WhenExpandedAddsSlots_AndUnsafeShrinkIsRejected" methodname="Capacity_WhenExpandedAddsSlots_AndUnsafeShrinkIsRejected" classname="BlueprintCivilizations.Blueprints.Tests.BlueprintBoardTests" runstate="Runnable" seed="2038628523" result="Passed" start-time="2026-08-02 16:49:41Z" end-time="2026-08-02 16:49:41Z" duration="0.001521" asserts="0">
                <properties>
                  <property name="retryIteration" value="0" />
                  <property name="repeatIteration" value="0" />
                </properties>
              </test-case>
              <test-case id="1007" name="MoveBlueprint_WhenBlueprintIsMissing_ReturnsFailureWithoutMutation" fullname="BlueprintCivilizations.Blueprints.Tests.BlueprintBoardTests.MoveBlueprint_WhenBlueprintIsMissing_ReturnsFailureWithoutMutation" methodname="MoveBlueprint_WhenBlueprintIsMissing_ReturnsFailureWithoutMutation" classname="BlueprintCivilizations.Blueprints.Tests.BlueprintBoardTests" runstate="Runnable" seed="1866053101" result="Passed" start-time="2026-08-02 16:49:41Z" end-time="2026-08-02 16:49:41Z" duration="0.000875" asserts="0">
                <properties>
                  <property name="retryIteration" value="0" />
                  <property name="repeatIteration" value="0" />
                </properties>
              </test-case>
              <test-case id="1006" name="MoveBlueprint_WhenTargetIsEmpty_MovesWithoutChangingOrderOfOthers" fullname="BlueprintCivilizations.Blueprints.Tests.BlueprintBoardTests.MoveBlueprint_WhenTargetIsEmpty_MovesWithoutChangingOrderOfOthers" methodname="MoveBlueprint_WhenTargetIsEmpty_MovesWithoutChangingOrderOfOthers" classname="BlueprintCivilizations.Blueprints.Tests.BlueprintBoardTests" runstate="Runnable" seed="1679045455" result="Passed" start-time="2026-08-02 16:49:41Z" end-time="2026-08-02 16:49:41Z" duration="0.000409" asserts="0">
                <properties>
                  <property name="retryIteration" value="0" />
                  <property name="repeatIteration" value="0" />
                </properties>
              </test-case>
              <test-case id="1023" name="Persistence_AutoSaveBindingPersistsSuccessfulCommandsAndUndo" fullname="BlueprintCivilizations.Blueprints.Tests.BlueprintBoardTests.Persistence_AutoSaveBindingPersistsSuccessfulCommandsAndUndo" methodname="Persistence_AutoSaveBindingPersistsSuccessfulCommandsAndUndo" classname="BlueprintCivilizations.Blueprints.Tests.BlueprintBoardTests" runstate="Runnable" seed="122071306" result="Passed" start-time="2026-08-02 16:49:41Z" end-time="2026-08-02 16:49:41Z" duration="0.002711" asserts="0">
                <properties>
                  <property name="retryIteration" value="0" />
                  <property name="repeatIteration" value="0" />
                </properties>
              </test-case>
              <test-case id="1022" name="Persistence_SaveThenLoad_UsesStableSerializedState" fullname="BlueprintCivilizations.Blueprints.Tests.BlueprintBoardTests.Persistence_SaveThenLoad_UsesStableSerializedState" methodname="Persistence_SaveThenLoad_UsesStableSerializedState" classname="BlueprintCivilizations.Blueprints.Tests.BlueprintBoardTests" runstate="Runnable" seed="1384614015" result="Passed" start-time="2026-08-02 16:49:41Z" end-time="2026-08-02 16:49:41Z" duration="0.000581" asserts="0">
                <properties>
                  <property name="retryIteration" value="0" />
                  <property name="repeatIteration" value="0" />
                </properties>
              </test-case>
              <test-case id="1010" name="ReorderBlueprints_WhenMovedAcrossLine_ShiftsInterveningSlotsDeterministically" fullname="BlueprintCivilizations.Blueprints.Tests.BlueprintBoardTests.ReorderBlueprints_WhenMovedAcrossLine_ShiftsInterveningSlotsDeterministically" methodname="ReorderBlueprints_WhenMovedAcrossLine_ShiftsInterveningSlotsDeterministically" classname="BlueprintCivilizations.Blueprints.Tests.BlueprintBoardTests" runstate="Runnable" seed="704946738" result="Passed" start-time="2026-08-02 16:49:41Z" end-time="2026-08-02 16:49:41Z" duration="0.001231" asserts="0">
                <properties>
                  <property name="retryIteration" value="0" />
                  <property name="repeatIteration" value="0" />
                </properties>
              </test-case>
              <test-case id="1025" name="RuntimeAssemblies_DoNotReferenceUnityEditor" fullname="BlueprintCivilizations.Blueprints.Tests.BlueprintBoardTests.RuntimeAssemblies_DoNotReferenceUnityEditor" methodname="RuntimeAssemblies_DoNotReferenceUnityEditor" classname="BlueprintCivilizations.Blueprints.Tests.BlueprintBoardTests" runstate="Runnable" seed="862768422" result="Passed" start-time="2026-08-02 16:49:41Z" end-time="2026-08-02 16:49:41Z" duration="0.000440" asserts="0">
                <properties>
                  <property name="retryIteration" value="0" />
                  <property name="repeatIteration" value="0" />
                </properties>
              </test-case>
              <test-case id="1021" name="Serialization_RoundTripPreservesOrderingAndProducesStableJson" fullname="BlueprintCivilizations.Blueprints.Tests.BlueprintBoardTests.Serialization_RoundTripPreservesOrderingAndProducesStableJson" methodname="Serialization_RoundTripPreservesOrderingAndProducesStableJson" classname="BlueprintCivilizations.Blueprints.Tests.BlueprintBoardTests" runstate="Runnable" seed="155877673" result="Passed" start-time="2026-08-02 16:49:41Z" end-time="2026-08-02 16:49:41Z" duration="0.000831" asserts="0">
                <properties>
                  <property name="retryIteration" value="0" />
                  <property name="repeatIteration" value="0" />
                </properties>
              </test-case>
              <test-case id="1008" name="SwapBlueprints_WhenBothSlotsOccupied_SwapsAtomically" fullname="BlueprintCivilizations.Blueprints.Tests.BlueprintBoardTests.SwapBlueprints_WhenBothSlotsOccupied_SwapsAtomically" methodname="SwapBlueprints_WhenBothSlotsOccupied_SwapsAtomically" classname="BlueprintCivilizations.Blueprints.Tests.BlueprintBoardTests" runstate="Runnable" seed="450649173" result="Passed" start-time="2026-08-02 16:49:41Z" end-time="2026-08-02 16:49:41Z" duration="0.000985" asserts="0">
                <properties>
                  <property name="retryIteration" value="0" />
                  <property name="repeatIteration" value="0" />
                </properties>
              </test-case>
              <test-case id="1009" name="SwapBlueprints_WhenOneSlotIsEmpty_ReturnsStructuredInvalidSwap" fullname="BlueprintCivilizations.Blueprints.Tests.BlueprintBoardTests.SwapBlueprints_WhenOneSlotIsEmpty_ReturnsStructuredInvalidSwap" methodname="SwapBlueprints_WhenOneSlotIsEmpty_ReturnsStructuredInvalidSwap" classname="BlueprintCivilizations.Blueprints.Tests.BlueprintBoardTests" runstate="Runnable" seed="345927985" result="Passed" start-time="2026-08-02 16:49:41Z" end-time="2026-08-02 16:49:41Z" duration="0.000411" asserts="0">
                <properties>
                  <property name="retryIteration" value="0" />
                  <property name="repeatIteration" value="0" />
                </properties>
              </test-case>
              <test-case id="1024" name="UndoRedo_RestoresSnapshotsAndKeepsRevisionMonotonic" fullname="BlueprintCivilizations.Blueprints.Tests.BlueprintBoardTests.UndoRedo_RestoresSnapshotsAndKeepsRevisionMonotonic" methodname="UndoRedo_RestoresSnapshotsAndKeepsRevisionMonotonic" classname="BlueprintCivilizations.Blueprints.Tests.BlueprintBoardTests" runstate="Runnable" seed="578791606" result="Passed" start-time="2026-08-02 16:49:41Z" end-time="2026-08-02 16:49:41Z" duration="0.002265" asserts="0">
                <properties>
                  <property name="retryIteration" value="0" />
                  <property name="repeatIteration" value="0" />
                </properties>
              </test-case>
              <test-case id="1016" name="Validation_WhenOccupiedCountEqualsCapacity_DoesNotReportOverflow" fullname="BlueprintCivilizations.Blueprints.Tests.BlueprintBoardTests.Validation_WhenOccupiedCountEqualsCapacity_DoesNotReportOverflow" methodname="Validation_WhenOccupiedCountEqualsCapacity_DoesNotReportOverflow" classname="BlueprintCivilizations.Blueprints.Tests.BlueprintBoardTests" runstate="Runnable" seed="1794341941" result="Passed" start-time="2026-08-02 16:49:41Z" end-time="2026-08-02 16:49:41Z" duration="0.002198" asserts="0">
                <properties>
                  <property name="retryIteration" value="0" />
                  <property name="repeatIteration" value="0" />
                </properties>
              </test-case>
              <test-case id="1017" name="Validation_WhenOccupiedCountExceedsCapacity_ReportsOverflow" fullname="BlueprintCivilizations.Blueprints.Tests.BlueprintBoardTests.Validation_WhenOccupiedCountExceedsCapacity_ReportsOverflow" methodname="Validation_WhenOccupiedCountExceedsCapacity_ReportsOverflow" classname="BlueprintCivilizations.Blueprints.Tests.BlueprintBoardTests" runstate="Runnable" seed="602729928" result="Passed" start-time="2026-08-02 16:49:41Z" end-time="2026-08-02 16:49:41Z" duration="0.000798" asserts="0">
                <properties>
                  <property name="retryIteration" value="0" />
                  <property name="repeatIteration" value="0" />
                </properties>
              </test-case>
              <test-case id="1015" name="Validation_WhenOccupiedCountIsBelowCapacity_DoesNotReportOverflow" fullname="BlueprintCivilizations.Blueprints.Tests.BlueprintBoardTests.Validation_WhenOccupiedCountIsBelowCapacity_DoesNotReportOverflow" methodname="Validation_WhenOccupiedCountIsBelowCapacity_DoesNotReportOverflow" classname="BlueprintCivilizations.Blueprints.Tests.BlueprintBoardTests" runstate="Runnable" seed="1809159081" result="Passed" start-time="2026-08-02 16:49:41Z" end-time="2026-08-02 16:49:41Z" duration="0.000485" asserts="0">
                <properties>
                  <property name="retryIteration" value="0" />
                  <property name="repeatIteration" value="0" />
                </properties>
              </test-case>
              <test-case id="1019" name="Validation_WhenOverflowAndSlotMismatchCoexist_ReportsBothDistinctIssues" fullname="BlueprintCivilizations.Blueprints.Tests.BlueprintBoardTests.Validation_WhenOverflowAndSlotMismatchCoexist_ReportsBothDistinctIssues" methodname="Validation_WhenOverflowAndSlotMismatchCoexist_ReportsBothDistinctIssues" classname="BlueprintCivilizations.Blueprints.Tests.BlueprintBoardTests" runstate="Runnable" seed="213384407" result="Passed" start-time="2026-08-02 16:49:41Z" end-time="2026-08-02 16:49:41Z" duration="0.000498" asserts="0">
                <properties>
                  <property name="retryIteration" value="0" />
                  <property name="repeatIteration" value="0" />
                </properties>
              </test-case>
              <test-case id="1020" name="Validation_WhenPlacementReferencesUnknownBlueprint_ReportsBrokenReference" fullname="BlueprintCivilizations.Blueprints.Tests.BlueprintBoardTests.Validation_WhenPlacementReferencesUnknownBlueprint_ReportsBrokenReference" methodname="Validation_WhenPlacementReferencesUnknownBlueprint_ReportsBrokenReference" classname="BlueprintCivilizations.Blueprints.Tests.BlueprintBoardTests" runstate="Runnable" seed="397499287" result="Passed" start-time="2026-08-02 16:49:41Z" end-time="2026-08-02 16:49:41Z" duration="0.000619" asserts="0">
                <properties>
                  <property name="retryIteration" value="0" />
                  <property name="repeatIteration" value="0" />
                </properties>
              </test-case>
              <test-case id="1018" name="Validation_WhenSlotListLengthMismatchesWithoutOccupiedOverflow_ReportsOnlyMismatch" fullname="BlueprintCivilizations.Blueprints.Tests.BlueprintBoardTests.Validation_WhenSlotListLengthMismatchesWithoutOccupiedOverflow_ReportsOnlyMismatch" methodname="Validation_WhenSlotListLengthMismatchesWithoutOccupiedOverflow_ReportsOnlyMismatch" classname="BlueprintCivilizations.Blueprints.Tests.BlueprintBoardTests" runstate="Runnable" seed="2102335782" result="Passed" start-time="2026-08-02 16:49:41Z" end-time="2026-08-02 16:49:41Z" duration="0.000450" asserts="0">
                <properties>
                  <property name="retryIteration" value="0" />
                  <property name="repeatIteration" value="0" />
                </properties>
              </test-case>
              <test-case id="1014" name="Validation_WhenStateIsCorrupted_ReturnsStructuredIssues" fullname="BlueprintCivilizations.Blueprints.Tests.BlueprintBoardTests.Validation_WhenStateIsCorrupted_ReturnsStructuredIssues" methodname="Validation_WhenStateIsCorrupted_ReturnsStructuredIssues" classname="BlueprintCivilizations.Blueprints.Tests.BlueprintBoardTests" runstate="Runnable" seed="1083156990" result="Passed" start-time="2026-08-02 16:49:41Z" end-time="2026-08-02 16:49:41Z" duration="0.001794" asserts="0">
                <properties>
                  <property name="retryIteration" value="0" />
                  <property name="repeatIteration" value="0" />
                </properties>
              </test-case>
            </test-suite>
          </test-suite>
        </test-suite>
      </test-suite>
    </test-suite>
    <test-suite type="Assembly" id="1061" name="BlueprintCivilizations.Tests.dll" fullname="E:/BlueprintCivilizations_Unity_M0/BlueprintCivilizations_Unity_M0/Library/ScriptAssemblies/BlueprintCivilizations.Tests.dll" runstate="Runnable" testcasecount="20" result="Passed" start-time="2026-08-02 16:49:41Z" end-time="2026-08-02 16:49:42Z" duration="0.762891" total="20" passed="20" failed="0" inconclusive="0" skipped="0" asserts="0">
      <properties>
        <property name="_PID" value="18384" />
        <property name="_APPDOMAIN" value="Unity Child Domain" />
        <property name="platform" value="EditMode" />
        <property name="EditorOnly" value="True" />
      </properties>
      <test-suite type="TestSuite" id="1062" name="BlueprintCivilizations" fullname="BlueprintCivilizations" runstate="Runnable" testcasecount="20" result="Passed" start-time="2026-08-02 16:49:41Z" end-time="2026-08-02 16:49:42Z" duration="0.755251" total="20" passed="20" failed="0" inconclusive="0" skipped="0" asserts="0">
        <properties />
        <test-suite type="TestSuite" id="1063" name="Tests" fullname="BlueprintCivilizations.Tests" runstate="Runnable" testcasecount="20" result="Passed" start-time="2026-08-02 16:49:41Z" end-time="2026-08-02 16:49:42Z" duration="0.751286" total="20" passed="20" failed="0" inconclusive="0" skipped="0" asserts="0">
          <properties />
          <test-suite type="TestFixture" id="1040" name="ContentFoundationTests" fullname="BlueprintCivilizations.Tests.ContentFoundationTests" classname="BlueprintCivilizations.Tests.ContentFoundationTests" runstate="Runnable" testcasecount="20" result="Passed" start-time="2026-08-02 16:49:41Z" end-time="2026-08-02 16:49:42Z" duration="0.748509" total="20" passed="20" failed="0" inconclusive="0" skipped="0" asserts="0">
            <properties />
            <test-case id="1058" name="CanonicalSampleContent_WhenValidated_HasNoBlockingIssues" fullname="BlueprintCivilizations.Tests.ContentFoundationTests.CanonicalSampleContent_WhenValidated_HasNoBlockingIssues" methodname="CanonicalSampleContent_WhenValidated_HasNoBlockingIssues" classname="BlueprintCivilizations.Tests.ContentFoundationTests" runstate="Runnable" seed="47582324" result="Passed" start-time="2026-08-02 16:49:41Z" end-time="2026-08-02 16:49:41Z" duration="0.040705" asserts="0">
              <properties>
                <property name="retryIteration" value="0" />
                <property name="repeatIteration" value="0" />
              </properties>
            </test-case>
            <test-case id="1060" name="ContentStudioAssets_WhenLoaded_UseUxmlAndUss" fullname="BlueprintCivilizations.Tests.ContentFoundationTests.ContentStudioAssets_WhenLoaded_UseUxmlAndUss" methodname="ContentStudioAssets_WhenLoaded_UseUxmlAndUss" classname="BlueprintCivilizations.Tests.ContentFoundationTests" runstate="Runnable" seed="1882223629" result="Passed" start-time="2026-08-02 16:49:41Z" end-time="2026-08-02 16:49:41Z" duration="0.020428" asserts="0">
              <properties>
                <property name="retryIteration" value="0" />
                <property name="repeatIteration" value="0" />
              </properties>
            </test-case>
            <test-case id="1057" name="CreateSamples_WhenRunTwice_DoesNotCreateDuplicateCanonicalIds" fullname="BlueprintCivilizations.Tests.ContentFoundationTests.CreateSamples_WhenRunTwice_DoesNotCreateDuplicateCanonicalIds" methodname="CreateSamples_WhenRunTwice_DoesNotCreateDuplicateCanonicalIds" classname="BlueprintCivilizations.Tests.ContentFoundationTests" runstate="Runnable" seed="277740652" result="Passed" start-time="2026-08-02 16:49:41Z" end-time="2026-08-02 16:49:42Z" duration="0.649278" asserts="0">
              <properties>
                <property name="retryIteration" value="0" />
                <property name="repeatIteration" value="0" />
              </properties>
              <output><![CDATA[Rebuilt catalog with 13 definitions.
Canonical Milestone 0 prototype content created or repaired.
Rebuilt catalog with 13 definitions.
Canonical Milestone 0 prototype content created or repaired.
]]></output>
            </test-case>
            <test-case id="1059" name="DefaultCatalog_WhenLoaded_ContainsEveryAuthoredDefinition" fullname="BlueprintCivilizations.Tests.ContentFoundationTests.DefaultCatalog_WhenLoaded_ContainsEveryAuthoredDefinition" methodname="DefaultCatalog_WhenLoaded_ContainsEveryAuthoredDefinition" classname="BlueprintCivilizations.Tests.ContentFoundationTests" runstate="Runnable" seed="1751908457" result="Passed" start-time="2026-08-02 16:49:42Z" end-time="2026-08-02 16:49:42Z" duration="0.002610" asserts="0">
              <properties>
                <property name="retryIteration" value="0" />
                <property name="repeatIteration" value="0" />
              </properties>
            </test-case>
            <test-case id="1049" name="EditorInitialize_WhenIdWasAlreadyAssigned_LeavesStableIdUnchanged" fullname="BlueprintCivilizations.Tests.ContentFoundationTests.EditorInitialize_WhenIdWasAlreadyAssigned_LeavesStableIdUnchanged" methodname="EditorInitialize_WhenIdWasAlreadyAssigned_LeavesStableIdUnchanged" classname="BlueprintCivilizations.Tests.ContentFoundationTests" runstate="Runnable" seed="1205671894" result="Passed" start-time="2026-08-02 16:49:42Z" end-time="2026-08-02 16:49:42Z" duration="0.003245" asserts="0">
              <properties>
                <property name="retryIteration" value="0" />
                <property name="repeatIteration" value="0" />
              </properties>
            </test-case>
            <test-case id="1048" name="EditorSetDefinitions_WhenInputOrderVaries_StoresDeterministicIdOrder" fullname="BlueprintCivilizations.Tests.ContentFoundationTests.EditorSetDefinitions_WhenInputOrderVaries_StoresDeterministicIdOrder" methodname="EditorSetDefinitions_WhenInputOrderVaries_StoresDeterministicIdOrder" classname="BlueprintCivilizations.Tests.ContentFoundationTests" runstate="Runnable" seed="1807463535" result="Passed" start-time="2026-08-02 16:49:42Z" end-time="2026-08-02 16:49:42Z" duration="0.001385" asserts="0">
              <properties>
                <property name="retryIteration" value="0" />
                <property name="repeatIteration" value="0" />
              </properties>
            </test-case>
            <test-case id="1047" name="GetByTags_WhenAllTagsAreRequired_ReturnsMatchingDefinitions" fullname="BlueprintCivilizations.Tests.ContentFoundationTests.GetByTags_WhenAllTagsAreRequired_ReturnsMatchingDefinitions" methodname="GetByTags_WhenAllTagsAreRequired_ReturnsMatchingDefinitions" classname="BlueprintCivilizations.Tests.ContentFoundationTests" runstate="Runnable" seed="1987988903" result="Passed" start-time="2026-08-02 16:49:42Z" end-time="2026-08-02 16:49:42Z" duration="0.003996" asserts="0">
              <properties>
                <property name="retryIteration" value="0" />
                <property name="repeatIteration" value="0" />
              </properties>
            </test-case>
            <test-case id="1045" name="GetUnits_WhenRaceIsSpecified_ReturnsOnlyThatRace" fullname="BlueprintCivilizations.Tests.ContentFoundationTests.GetUnits_WhenRaceIsSpecified_ReturnsOnlyThatRace" methodname="GetUnits_WhenRaceIsSpecified_ReturnsOnlyThatRace" classname="BlueprintCivilizations.Tests.ContentFoundationTests" runstate="Runnable" seed="1644273560" result="Passed" start-time="2026-08-02 16:49:42Z" end-time="2026-08-02 16:49:42Z" duration="0.001657" asserts="0">
              <properties>
                <property name="retryIteration" value="0" />
                <property name="repeatIteration" value="0" />
              </properties>
            </test-case>
            <test-case id="1046" name="GetUnits_WhenTierIsSpecified_ReturnsOnlyThatTier" fullname="BlueprintCivilizations.Tests.ContentFoundationTests.GetUnits_WhenTierIsSpecified_ReturnsOnlyThatTier" methodname="GetUnits_WhenTierIsSpecified_ReturnsOnlyThatTier" classname="BlueprintCivilizations.Tests.ContentFoundationTests" runstate="Runnable" seed="1732345925" result="Passed" start-time="2026-08-02 16:49:42Z" end-time="2026-08-02 16:49:42Z" duration="0.001942" asserts="0">
              <properties>
                <property name="retryIteration" value="0" />
                <property name="repeatIteration" value="0" />
              </properties>
            </test-case>
            <test-case id="1055" name="ModifyRuntimeState_WhenAssociatedDefinitionExists_DoesNotMutateAuthoredDefinition" fullname="BlueprintCivilizations.Tests.ContentFoundationTests.ModifyRuntimeState_WhenAssociatedDefinitionExists_DoesNotMutateAuthoredDefinition" methodname="ModifyRuntimeState_WhenAssociatedDefinitionExists_DoesNotMutateAuthoredDefinition" classname="BlueprintCivilizations.Tests.ContentFoundationTests" runstate="Runnable" seed="1220866745" result="Passed" start-time="2026-08-02 16:49:42Z" end-time="2026-08-02 16:49:42Z" duration="0.002985" asserts="0">
              <properties>
                <property name="retryIteration" value="0" />
                <property name="repeatIteration" value="0" />
              </properties>
            </test-case>
            <test-case id="1041" name="RebuildIndex_WhenIdsCollide_RejectsDuplicateIds" fullname="BlueprintCivilizations.Tests.ContentFoundationTests.RebuildIndex_WhenIdsCollide_RejectsDuplicateIds" methodname="RebuildIndex_WhenIdsCollide_RejectsDuplicateIds" classname="BlueprintCivilizations.Tests.ContentFoundationTests" runstate="Runnable" seed="691360460" result="Passed" start-time="2026-08-02 16:49:42Z" end-time="2026-08-02 16:49:42Z" duration="0.000776" asserts="0">
              <properties>
                <property name="retryIteration" value="0" />
                <property name="repeatIteration" value="0" />
              </properties>
            </test-case>
            <test-case id="1056" name="RuntimeDefinitionSurface_WhenInspected_HasNoPublicStatMutationPath" fullname="BlueprintCivilizations.Tests.ContentFoundationTests.RuntimeDefinitionSurface_WhenInspected_HasNoPublicStatMutationPath" methodname="RuntimeDefinitionSurface_WhenInspected_HasNoPublicStatMutationPath" classname="BlueprintCivilizations.Tests.ContentFoundationTests" runstate="Runnable" seed="860223817" result="Passed" start-time="2026-08-02 16:49:42Z" end-time="2026-08-02 16:49:42Z" duration="0.000531" asserts="0">
              <properties>
                <property name="retryIteration" value="0" />
                <property name="repeatIteration" value="0" />
              </properties>
            </test-case>
            <test-case id="1044" name="RuntimeQueries_WhenContentIsDisabled_ExcludeItUnlessExplicitlyIncluded" fullname="BlueprintCivilizations.Tests.ContentFoundationTests.RuntimeQueries_WhenContentIsDisabled_ExcludeItUnlessExplicitlyIncluded" methodname="RuntimeQueries_WhenContentIsDisabled_ExcludeItUnlessExplicitlyIncluded" classname="BlueprintCivilizations.Tests.ContentFoundationTests" runstate="Runnable" seed="1251326160" result="Passed" start-time="2026-08-02 16:49:42Z" end-time="2026-08-02 16:49:42Z" duration="0.000972" asserts="0">
              <properties>
                <property name="retryIteration" value="0" />
                <property name="repeatIteration" value="0" />
              </properties>
            </test-case>
            <test-case id="1043" name="TryGet_WhenIdIsMissing_ReturnsActionableError" fullname="BlueprintCivilizations.Tests.ContentFoundationTests.TryGet_WhenIdIsMissing_ReturnsActionableError" methodname="TryGet_WhenIdIsMissing_ReturnsActionableError" classname="BlueprintCivilizations.Tests.ContentFoundationTests" runstate="Runnable" seed="1780282508" result="Passed" start-time="2026-08-02 16:49:42Z" end-time="2026-08-02 16:49:42Z" duration="0.000769" asserts="0">
              <properties>
                <property name="retryIteration" value="0" />
                <property name="repeatIteration" value="0" />
              </properties>
            </test-case>
            <test-case id="1042" name="TryGet_WhenStableIdExists_ResolvesWithoutUsingDisplayName" fullname="BlueprintCivilizations.Tests.ContentFoundationTests.TryGet_WhenStableIdExists_ResolvesWithoutUsingDisplayName" methodname="TryGet_WhenStableIdExists_ResolvesWithoutUsingDisplayName" classname="BlueprintCivilizations.Tests.ContentFoundationTests" runstate="Runnable" seed="1971131342" result="Passed" start-time="2026-08-02 16:49:42Z" end-time="2026-08-02 16:49:42Z" duration="0.000838" asserts="0">
              <properties>
                <property name="retryIteration" value="0" />
                <property name="repeatIteration" value="0" />
              </properties>
            </test-case>
            <test-case id="1052" name="Validate_WhenAscensionThresholdsAreNotOrdered_ReportsProgressionField" fullname="BlueprintCivilizations.Tests.ContentFoundationTests.Validate_WhenAscensionThresholdsAreNotOrdered_ReportsProgressionField" methodname="Validate_WhenAscensionThresholdsAreNotOrdered_ReportsProgressionField" classname="BlueprintCivilizations.Tests.ContentFoundationTests" runstate="Runnable" seed="1181258087" result="Passed" start-time="2026-08-02 16:49:42Z" end-time="2026-08-02 16:49:42Z" duration="0.002134" asserts="0">
              <properties>
                <property name="retryIteration" value="0" />
                <property name="repeatIteration" value="0" />
              </properties>
            </test-case>
            <test-case id="1054" name="Validate_WhenEvolutionIsReferencedTwice_ReportsDuplicateReference" fullname="BlueprintCivilizations.Tests.ContentFoundationTests.Validate_WhenEvolutionIsReferencedTwice_ReportsDuplicateReference" methodname="Validate_WhenEvolutionIsReferencedTwice_ReportsDuplicateReference" classname="BlueprintCivilizations.Tests.ContentFoundationTests" runstate="Runnable" seed="606104323" result="Passed" start-time="2026-08-02 16:49:42Z" end-time="2026-08-02 16:49:42Z" duration="0.001982" asserts="0">
              <properties>
                <property name="retryIteration" value="0" />
                <property name="repeatIteration" value="0" />
              </properties>
            </test-case>
            <test-case id="1053" name="Validate_WhenEvolutionListContainsMissingReference_ReportsExactList" fullname="BlueprintCivilizations.Tests.ContentFoundationTests.Validate_WhenEvolutionListContainsMissingReference_ReportsExactList" methodname="Validate_WhenEvolutionListContainsMissingReference_ReportsExactList" classname="BlueprintCivilizations.Tests.ContentFoundationTests" runstate="Runnable" seed="1772404842" result="Passed" start-time="2026-08-02 16:49:42Z" end-time="2026-08-02 16:49:42Z" duration="0.001483" asserts="0">
              <properties>
                <property name="retryIteration" value="0" />
                <property name="repeatIteration" value="0" />
              </properties>
            </test-case>
            <test-case id="1051" name="Validate_WhenUnitFieldsAreInvalid_ReportsExactFields" fullname="BlueprintCivilizations.Tests.ContentFoundationTests.Validate_WhenUnitFieldsAreInvalid_ReportsExactFields" methodname="Validate_WhenUnitFieldsAreInvalid_ReportsExactFields" classname="BlueprintCivilizations.Tests.ContentFoundationTests" runstate="Runnable" seed="1187620474" result="Passed" start-time="2026-08-02 16:49:42Z" end-time="2026-08-02 16:49:42Z" duration="0.003004" asserts="0">
              <properties>
                <property name="retryIteration" value="0" />
                <property name="repeatIteration" value="0" />
              </properties>
            </test-case>
            <test-case id="1050" name="Validate_WhenUnitIsValid_ReturnsNoBlockingIssues" fullname="BlueprintCivilizations.Tests.ContentFoundationTests.Validate_WhenUnitIsValid_ReturnsNoBlockingIssues" methodname="Validate_WhenUnitIsValid_ReturnsNoBlockingIssues" classname="BlueprintCivilizations.Tests.ContentFoundationTests" runstate="Runnable" seed="1313755242" result="Passed" start-time="2026-08-02 16:49:42Z" end-time="2026-08-02 16:49:42Z" duration="0.001330" asserts="0">
              <properties>
                <property name="retryIteration" value="0" />
                <property name="repeatIteration" value="0" />
              </properties>
            </test-case>
          </test-suite>
        </test-suite>
      </test-suite>
    </test-suite>
  </test-suite>
</test-run>