<?xml version="1.0" encoding="utf-8"?>
<test-run id="2" testcasecount="89" result="Passed" total="89" passed="89" failed="0" inconclusive="0" skipped="0" asserts="0" engine-version="3.5.0.0" clr-version="4.0.30319.42000" start-time="2026-08-03 10:30:23Z" end-time="2026-08-03 10:30:26Z" duration="3.0462743">
  <test-suite type="TestSuite" id="1000" name="BlueprintDetailsPlayerIsolation" fullname="BlueprintDetailsPlayerIsolation" runstate="Runnable" testcasecount="89" result="Passed" start-time="2026-08-03 10:30:23Z" end-time="2026-08-03 10:30:26Z" duration="3.046274" total="89" passed="89" failed="0" inconclusive="0" skipped="0" asserts="0">
    <properties>
      <property name="platform" value="EditMode" />
    </properties>
    <test-suite type="Assembly" id="1036" name="BlueprintCivilizations.Blueprints.Tests.dll" fullname="C:/Users/Ofek/AppData/Local/Temp/BlueprintDetailsPlayer_c43782e05054477d942cc1663108b253/Library/ScriptAssemblies/BlueprintCivilizations.Blueprints.Tests.dll" runstate="Runnable" testcasecount="34" result="Passed" start-time="2026-08-03 10:30:23Z" end-time="2026-08-03 10:30:24Z" duration="1.455754" total="34" passed="34" failed="0" inconclusive="0" skipped="0" asserts="0">
      <properties>
        <property name="_PID" value="8892" />
        <property name="_APPDOMAIN" value="Unity Child Domain" />
        <property name="platform" value="EditMode" />
        <property name="EditorOnly" value="True" />
      </properties>
      <test-suite type="TestSuite" id="1037" name="BlueprintCivilizations" fullname="BlueprintCivilizations" runstate="Runnable" testcasecount="34" result="Passed" start-time="2026-08-03 10:30:23Z" end-time="2026-08-03 10:30:24Z" duration="1.455219" total="34" passed="34" failed="0" inconclusive="0" skipped="0" asserts="0">
        <properties />
        <test-suite type="TestSuite" id="1038" name="Blueprints" fullname="BlueprintCivilizations.Blueprints" runstate="Runnable" testcasecount="34" result="Passed" start-time="2026-08-03 10:30:23Z" end-time="2026-08-03 10:30:24Z" duration="1.455046" total="34" passed="34" failed="0" inconclusive="0" skipped="0" asserts="0">
          <properties />
          <test-suite type="TestSuite" id="1039" name="Tests" fullname="BlueprintCivilizations.Blueprints.Tests" runstate="Runnable" testcasecount="34" result="Passed" start-time="2026-08-03 10:30:23Z" end-time="2026-08-03 10:30:24Z" duration="1.454837" total="34" passed="34" failed="0" inconclusive="0" skipped="0" asserts="0">
            <properties />
            <test-suite type="TestFixture" id="1001" name="BlueprintBoardTests" fullname="BlueprintCivilizations.Blueprints.Tests.BlueprintBoardTests" classname="BlueprintCivilizations.Blueprints.Tests.BlueprintBoardTests" runstate="Runnable" testcasecount="34" result="Passed" start-time="2026-08-03 10:30:23Z" end-time="2026-08-03 10:30:24Z" duration="1.453188" total="34" passed="34" failed="0" inconclusive="0" skipped="0" asserts="0">
              <properties />
              <test-case id="1002" name="ActivateBlueprint_WhenCapacityExists_MovesFromBenchToRequestedSlot" fullname="BlueprintCivilizations.Blueprints.Tests.BlueprintBoardTests.ActivateBlueprint_WhenCapacityExists_MovesFromBenchToRequestedSlot" methodname="ActivateBlueprint_WhenCapacityExists_MovesFromBenchToRequestedSlot" classname="BlueprintCivilizations.Blueprints.Tests.BlueprintBoardTests" runstate="Runnable" seed="1021903771" result="Passed" start-time="2026-08-03 10:30:23Z" end-time="2026-08-03 10:30:23Z" duration="0.038584" asserts="0">
                <properties>
                  <property name="retryIteration" value="0" />
                  <property name="repeatIteration" value="0" />
                </properties>
              </test-case>
              <test-case id="1003" name="ActivateBlueprint_WhenCapacityIsFull_ReturnsFailureWithoutMutation" fullname="BlueprintCivilizations.Blueprints.Tests.BlueprintBoardTests.ActivateBlueprint_WhenCapacityIsFull_ReturnsFailureWithoutMutation" methodname="ActivateBlueprint_WhenCapacityIsFull_ReturnsFailureWithoutMutation" classname="BlueprintCivilizations.Blueprints.Tests.BlueprintBoardTests" runstate="Runnable" seed="1543019963" result="Passed" start-time="2026-08-03 10:30:23Z" end-time="2026-08-03 10:30:23Z" duration="0.001424" asserts="0">
                <properties>
                  <property name="retryIteration" value="0" />
                  <property name="repeatIteration" value="0" />
                </properties>
              </test-case>
              <test-case id="1004" name="ActivateBlueprint_WhenInsertionSlotIsOccupied_ShiftsTowardNearestEmptySlot" fullname="BlueprintCivilizations.Blueprints.Tests.BlueprintBoardTests.ActivateBlueprint_WhenInsertionSlotIsOccupied_ShiftsTowardNearestEmptySlot" methodname="ActivateBlueprint_WhenInsertionSlotIsOccupied_ShiftsTowardNearestEmptySlot" classname="BlueprintCivilizations.Blueprints.Tests.BlueprintBoardTests" runstate="Runnable" seed="1488972354" result="Passed" start-time="2026-08-03 10:30:23Z" end-time="2026-08-03 10:30:23Z" duration="0.001967" asserts="0">
                <properties>
                  <property name="retryIteration" value="0" />
                  <property name="repeatIteration" value="0" />
                </properties>
              </test-case>
              <test-case id="1013" name="Adjacency_MatchingTagsRaceAndTier_UsesInjectedDefinitionMetadata" fullname="BlueprintCivilizations.Blueprints.Tests.BlueprintBoardTests.Adjacency_MatchingTagsRaceAndTier_UsesInjectedDefinitionMetadata" methodname="Adjacency_MatchingTagsRaceAndTier_UsesInjectedDefinitionMetadata" classname="BlueprintCivilizations.Blueprints.Tests.BlueprintBoardTests" runstate="Runnable" seed="443018741" result="Passed" start-time="2026-08-03 10:30:23Z" end-time="2026-08-03 10:30:23Z" duration="0.006921" asserts="0">
                <properties>
                  <property name="retryIteration" value="0" />
                  <property name="repeatIteration" value="0" />
                </properties>
              </test-case>
              <test-case id="1012" name="Adjacency_QueriesImmediateAndDirectionalRelationships_InSlotOrder" fullname="BlueprintCivilizations.Blueprints.Tests.BlueprintBoardTests.Adjacency_QueriesImmediateAndDirectionalRelationships_InSlotOrder" methodname="Adjacency_QueriesImmediateAndDirectionalRelationships_InSlotOrder" classname="BlueprintCivilizations.Blueprints.Tests.BlueprintBoardTests" runstate="Runnable" seed="1357979774" result="Passed" start-time="2026-08-03 10:30:23Z" end-time="2026-08-03 10:30:23Z" duration="0.001887" asserts="0">
                <properties>
                  <property name="retryIteration" value="0" />
                  <property name="repeatIteration" value="0" />
                </properties>
              </test-case>
              <test-case id="1005" name="BenchBlueprint_WhenActive_DeactivatesAndAppendsToBench" fullname="BlueprintCivilizations.Blueprints.Tests.BlueprintBoardTests.BenchBlueprint_WhenActive_DeactivatesAndAppendsToBench" methodname="BenchBlueprint_WhenActive_DeactivatesAndAppendsToBench" classname="BlueprintCivilizations.Blueprints.Tests.BlueprintBoardTests" runstate="Runnable" seed="1910279661" result="Passed" start-time="2026-08-03 10:30:23Z" end-time="2026-08-03 10:30:23Z" duration="0.002451" asserts="0">
                <properties>
                  <property name="retryIteration" value="0" />
                  <property name="repeatIteration" value="0" />
                </properties>
              </test-case>
              <test-case id="1026" name="BlueprintBoardAssets_LoadAndViewRendersHorizontalCapacitySlots" fullname="BlueprintCivilizations.Blueprints.Tests.BlueprintBoardTests.BlueprintBoardAssets_LoadAndViewRendersHorizontalCapacitySlots" methodname="BlueprintBoardAssets_LoadAndViewRendersHorizontalCapacitySlots" classname="BlueprintCivilizations.Blueprints.Tests.BlueprintBoardTests" runstate="Runnable" seed="1125817613" result="Passed" start-time="2026-08-03 10:30:23Z" end-time="2026-08-03 10:30:23Z" duration="0.211848" asserts="0">
                <properties>
                  <property name="retryIteration" value="0" />
                  <property name="repeatIteration" value="0" />
                </properties>
              </test-case>
              <test-case id="1027" name="BlueprintBoardPanelFactory_WithProjectAssets_ConstructsRuntimePanel" fullname="BlueprintCivilizations.Blueprints.Tests.BlueprintBoardTests.BlueprintBoardPanelFactory_WithProjectAssets_ConstructsRuntimePanel" methodname="BlueprintBoardPanelFactory_WithProjectAssets_ConstructsRuntimePanel" classname="BlueprintCivilizations.Blueprints.Tests.BlueprintBoardTests" runstate="Runnable" seed="602885110" result="Passed" start-time="2026-08-03 10:30:23Z" end-time="2026-08-03 10:30:23Z" duration="0.040049" asserts="0">
                <properties>
                  <property name="retryIteration" value="0" />
                  <property name="repeatIteration" value="0" />
                </properties>
              </test-case>
              <test-case id="1034" name="BlueprintBoardSandboxDependencies_WhenUxmlIsMissing_FailsBeforeCreatingPanelSettings" fullname="BlueprintCivilizations.Blueprints.Tests.BlueprintBoardTests.BlueprintBoardSandboxDependencies_WhenUxmlIsMissing_FailsBeforeCreatingPanelSettings" methodname="BlueprintBoardSandboxDependencies_WhenUxmlIsMissing_FailsBeforeCreatingPanelSettings" classname="BlueprintCivilizations.Blueprints.Tests.BlueprintBoardTests" runstate="Runnable" seed="1190143929" result="Passed" start-time="2026-08-03 10:30:23Z" end-time="2026-08-03 10:30:23Z" duration="0.034708" asserts="0">
                <properties>
                  <property name="retryIteration" value="0" />
                  <property name="repeatIteration" value="0" />
                </properties>
              </test-case>
              <test-case id="1028" name="BlueprintBoardSandboxInitialState_HasTwoActiveAndTwoBenchedBlueprints" fullname="BlueprintCivilizations.Blueprints.Tests.BlueprintBoardTests.BlueprintBoardSandboxInitialState_HasTwoActiveAndTwoBenchedBlueprints" methodname="BlueprintBoardSandboxInitialState_HasTwoActiveAndTwoBenchedBlueprints" classname="BlueprintCivilizations.Blueprints.Tests.BlueprintBoardTests" runstate="Runnable" seed="782916727" result="Passed" start-time="2026-08-03 10:30:23Z" end-time="2026-08-03 10:30:23Z" duration="0.004131" asserts="0">
                <properties>
                  <property name="retryIteration" value="0" />
                  <property name="repeatIteration" value="0" />
                </properties>
              </test-case>
              <test-case id="1031" name="BlueprintBoardSandboxPanelSettings_WhenLoadedAgain_ReusesSingleAsset" fullname="BlueprintCivilizations.Blueprints.Tests.BlueprintBoardTests.BlueprintBoardSandboxPanelSettings_WhenLoadedAgain_ReusesSingleAsset" methodname="BlueprintBoardSandboxPanelSettings_WhenLoadedAgain_ReusesSingleAsset" classname="BlueprintCivilizations.Blueprints.Tests.BlueprintBoardTests" runstate="Runnable" seed="1046572392" result="Passed" start-time="2026-08-03 10:30:23Z" end-time="2026-08-03 10:30:23Z" duration="0.253842" asserts="0">
                <properties>
                  <property name="retryIteration" value="0" />
                  <property name="repeatIteration" value="0" />
                </properties>
              </test-case>
              <test-case id="1030" name="BlueprintBoardSandboxPanelSettings_WhenMissing_CreatesSavesAndReloadsPersistentAsset" fullname="BlueprintCivilizations.Blueprints.Tests.BlueprintBoardTests.BlueprintBoardSandboxPanelSettings_WhenMissing_CreatesSavesAndReloadsPersistentAsset" methodname="BlueprintBoardSandboxPanelSettings_WhenMissing_CreatesSavesAndReloadsPersistentAsset" classname="BlueprintCivilizations.Blueprints.Tests.BlueprintBoardTests" runstate="Runnable" seed="1929058199" result="Passed" start-time="2026-08-03 10:30:23Z" end-time="2026-08-03 10:30:24Z" duration="0.196152" asserts="0">
                <properties>
                  <property name="retryIteration" value="0" />
                  <property name="repeatIteration" value="0" />
                </properties>
              </test-case>
              <test-case id="1033" name="BlueprintBoardSandboxSceneComposition_WhenPanelReferenceIsMissing_RepairsReference" fullname="BlueprintCivilizations.Blueprints.Tests.BlueprintBoardTests.BlueprintBoardSandboxSceneComposition_WhenPanelReferenceIsMissing_RepairsReference" methodname="BlueprintBoardSandboxSceneComposition_WhenPanelReferenceIsMissing_RepairsReference" classname="BlueprintCivilizations.Blueprints.Tests.BlueprintBoardTests" runstate="Runnable" seed="1524531965" result="Passed" start-time="2026-08-03 10:30:24Z" end-time="2026-08-03 10:30:24Z" duration="0.097831" asserts="0">
                <properties>
                  <property name="retryIteration" value="0" />
                  <property name="repeatIteration" value="0" />
                </properties>
              </test-case>
              <test-case id="1029" name="BlueprintBoardSandboxSceneComposition_WhenRunTwice_DoesNotDuplicateBootstrapOrDocument" fullname="BlueprintCivilizations.Blueprints.Tests.BlueprintBoardTests.BlueprintBoardSandboxSceneComposition_WhenRunTwice_DoesNotDuplicateBootstrapOrDocument" methodname="BlueprintBoardSandboxSceneComposition_WhenRunTwice_DoesNotDuplicateBootstrapOrDocument" classname="BlueprintCivilizations.Blueprints.Tests.BlueprintBoardTests" runstate="Runnable" seed="736806673" result="Passed" start-time="2026-08-03 10:30:24Z" end-time="2026-08-03 10:30:24Z" duration="0.004608" asserts="0">
                <properties>
                  <property name="retryIteration" value="0" />
                  <property name="repeatIteration" value="0" />
                </properties>
              </test-case>
              <test-case id="1032" name="BlueprintBoardSandboxSceneComposition_WhenUidocumentIsMissing_AddsRequiredComponent" fullname="BlueprintCivilizations.Blueprints.Tests.BlueprintBoardTests.BlueprintBoardSandboxSceneComposition_WhenUidocumentIsMissing_AddsRequiredComponent" methodname="BlueprintBoardSandboxSceneComposition_WhenUidocumentIsMissing_AddsRequiredComponent" classname="BlueprintCivilizations.Blueprints.Tests.BlueprintBoardTests" runstate="Runnable" seed="1431957343" result="Passed" start-time="2026-08-03 10:30:24Z" end-time="2026-08-03 10:30:24Z" duration="0.004057" asserts="0">
                <properties>
                  <property name="retryIteration" value="0" />
                  <property name="repeatIteration" value="0" />
                </properties>
              </test-case>
              <test-case id="1035" name="BlueprintBoardSandboxSceneCreation_WhenRunTwice_ReusesAssetsAndRepairsSingleScene" fullname="BlueprintCivilizations.Blueprints.Tests.BlueprintBoardTests.BlueprintBoardSandboxSceneCreation_WhenRunTwice_ReusesAssetsAndRepairsSingleScene" methodname="BlueprintBoardSandboxSceneCreation_WhenRunTwice_ReusesAssetsAndRepairsSingleScene" classname="BlueprintCivilizations.Blueprints.Tests.BlueprintBoardTests" runstate="Runnable" seed="544714537" result="Passed" start-time="2026-08-03 10:30:24Z" end-time="2026-08-03 10:30:24Z" duration="0.499063" asserts="0">
                <properties>
                  <property name="retryIteration" value="0" />
                  <property name="repeatIteration" value="0" />
                </properties>
              </test-case>
              <test-case id="1011" name="Capacity_WhenExpandedAddsSlots_AndUnsafeShrinkIsRejected" fullname="BlueprintCivilizations.Blueprints.Tests.BlueprintBoardTests.Capacity_WhenExpandedAddsSlots_AndUnsafeShrinkIsRejected" methodname="Capacity_WhenExpandedAddsSlots_AndUnsafeShrinkIsRejected" classname="BlueprintCivilizations.Blueprints.Tests.BlueprintBoardTests" runstate="Runnable" seed="2080767350" result="Passed" start-time="2026-08-03 10:30:24Z" end-time="2026-08-03 10:30:24Z" duration="0.002810" asserts="0">
                <properties>
                  <property name="retryIteration" value="0" />
                  <property name="repeatIteration" value="0" />
                </properties>
              </test-case>
              <test-case id="1007" name="MoveBlueprint_WhenBlueprintIsMissing_ReturnsFailureWithoutMutation" fullname="BlueprintCivilizations.Blueprints.Tests.BlueprintBoardTests.MoveBlueprint_WhenBlueprintIsMissing_ReturnsFailureWithoutMutation" methodname="MoveBlueprint_WhenBlueprintIsMissing_ReturnsFailureWithoutMutation" classname="BlueprintCivilizations.Blueprints.Tests.BlueprintBoardTests" runstate="Runnable" seed="1765869277" result="Passed" start-time="2026-08-03 10:30:24Z" end-time="2026-08-03 10:30:24Z" duration="0.001097" asserts="0">
                <properties>
                  <property name="retryIteration" value="0" />
                  <property name="repeatIteration" value="0" />
                </properties>
              </test-case>
              <test-case id="1006" name="MoveBlueprint_WhenTargetIsEmpty_MovesWithoutChangingOrderOfOthers" fullname="BlueprintCivilizations.Blueprints.Tests.BlueprintBoardTests.MoveBlueprint_WhenTargetIsEmpty_MovesWithoutChangingOrderOfOthers" methodname="MoveBlueprint_WhenTargetIsEmpty_MovesWithoutChangingOrderOfOthers" classname="BlueprintCivilizations.Blueprints.Tests.BlueprintBoardTests" runstate="Runnable" seed="1316064744" result="Passed" start-time="2026-08-03 10:30:24Z" end-time="2026-08-03 10:30:24Z" duration="0.000958" asserts="0">
                <properties>
                  <property name="retryIteration" value="0" />
                  <property name="repeatIteration" value="0" />
                </properties>
              </test-case>
              <test-case id="1023" name="Persistence_AutoSaveBindingPersistsSuccessfulCommandsAndUndo" fullname="BlueprintCivilizations.Blueprints.Tests.BlueprintBoardTests.Persistence_AutoSaveBindingPersistsSuccessfulCommandsAndUndo" methodname="Persistence_AutoSaveBindingPersistsSuccessfulCommandsAndUndo" classname="BlueprintCivilizations.Blueprints.Tests.BlueprintBoardTests" runstate="Runnable" seed="1285146538" result="Passed" start-time="2026-08-03 10:30:24Z" end-time="2026-08-03 10:30:24Z" duration="0.003910" asserts="0">
                <properties>
                  <property name="retryIteration" value="0" />
                  <property name="repeatIteration" value="0" />
                </properties>
              </test-case>
              <test-case id="1022" name="Persistence_SaveThenLoad_UsesStableSerializedState" fullname="BlueprintCivilizations.Blueprints.Tests.BlueprintBoardTests.Persistence_SaveThenLoad_UsesStableSerializedState" methodname="Persistence_SaveThenLoad_UsesStableSerializedState" classname="BlueprintCivilizations.Blueprints.Tests.BlueprintBoardTests" runstate="Runnable" seed="1952995570" result="Passed" start-time="2026-08-03 10:30:24Z" end-time="2026-08-03 10:30:24Z" duration="0.000613" asserts="0">
                <properties>
                  <property name="retryIteration" value="0" />
                  <property name="repeatIteration" value="0" />
                </properties>
              </test-case>
              <test-case id="1010" name="ReorderBlueprints_WhenMovedAcrossLine_ShiftsInterveningSlotsDeterministically" fullname="BlueprintCivilizations.Blueprints.Tests.BlueprintBoardTests.ReorderBlueprints_WhenMovedAcrossLine_ShiftsInterveningSlotsDeterministically" methodname="ReorderBlueprints_WhenMovedAcrossLine_ShiftsInterveningSlotsDeterministically" classname="BlueprintCivilizations.Blueprints.Tests.BlueprintBoardTests" runstate="Runnable" seed="1706947175" result="Passed" start-time="2026-08-03 10:30:24Z" end-time="2026-08-03 10:30:24Z" duration="0.001756" asserts="0">
                <properties>
                  <property name="retryIteration" value="0" />
                  <property name="repeatIteration" value="0" />
                </properties>
              </test-case>
              <test-case id="1025" name="RuntimeAssemblies_DoNotReferenceUnityEditor" fullname="BlueprintCivilizations.Blueprints.Tests.BlueprintBoardTests.RuntimeAssemblies_DoNotReferenceUnityEditor" methodname="RuntimeAssemblies_DoNotReferenceUnityEditor" classname="BlueprintCivilizations.Blueprints.Tests.BlueprintBoardTests" runstate="Runnable" seed="1976495016" result="Passed" start-time="2026-08-03 10:30:24Z" end-time="2026-08-03 10:30:24Z" duration="0.000581" asserts="0">
                <properties>
                  <property name="retryIteration" value="0" />
                  <property name="repeatIteration" value="0" />
                </properties>
              </test-case>
              <test-case id="1021" name="Serialization_RoundTripPreservesOrderingAndProducesStableJson" fullname="BlueprintCivilizations.Blueprints.Tests.BlueprintBoardTests.Serialization_RoundTripPreservesOrderingAndProducesStableJson" methodname="Serialization_RoundTripPreservesOrderingAndProducesStableJson" classname="BlueprintCivilizations.Blueprints.Tests.BlueprintBoardTests" runstate="Runnable" seed="1551578675" result="Passed" start-time="2026-08-03 10:30:24Z" end-time="2026-08-03 10:30:24Z" duration="0.001094" asserts="0">
                <properties>
                  <property name="retryIteration" value="0" />
                  <property name="repeatIteration" value="0" />
                </properties>
              </test-case>
              <test-case id="1008" name="SwapBlueprints_WhenBothSlotsOccupied_SwapsAtomically" fullname="BlueprintCivilizations.Blueprints.Tests.BlueprintBoardTests.SwapBlueprints_WhenBothSlotsOccupied_SwapsAtomically" methodname="SwapBlueprints_WhenBothSlotsOccupied_SwapsAtomically" classname="BlueprintCivilizations.Blueprints.Tests.BlueprintBoardTests" runstate="Runnable" seed="362431967" result="Passed" start-time="2026-08-03 10:30:24Z" end-time="2026-08-03 10:30:24Z" duration="0.001016" asserts="0">
                <properties>
                  <property name="retryIteration" value="0" />
                  <property name="repeatIteration" value="0" />
                </properties>
              </test-case>
              <test-case id="1009" name="SwapBlueprints_WhenOneSlotIsEmpty_ReturnsStructuredInvalidSwap" fullname="BlueprintCivilizations.Blueprints.Tests.BlueprintBoardTests.SwapBlueprints_WhenOneSlotIsEmpty_ReturnsStructuredInvalidSwap" methodname="SwapBlueprints_WhenOneSlotIsEmpty_ReturnsStructuredInvalidSwap" classname="BlueprintCivilizations.Blueprints.Tests.BlueprintBoardTests" runstate="Runnable" seed="964323439" result="Passed" start-time="2026-08-03 10:30:24Z" end-time="2026-08-03 10:30:24Z" duration="0.000710" asserts="0">
                <properties>
                  <property name="retryIteration" value="0" />
                  <property name="repeatIteration" value="0" />
                </properties>
              </test-case>
              <test-case id="1024" name="UndoRedo_RestoresSnapshotsAndKeepsRevisionMonotonic" fullname="BlueprintCivilizations.Blueprints.Tests.BlueprintBoardTests.UndoRedo_RestoresSnapshotsAndKeepsRevisionMonotonic" methodname="UndoRedo_RestoresSnapshotsAndKeepsRevisionMonotonic" classname="BlueprintCivilizations.Blueprints.Tests.BlueprintBoardTests" runstate="Runnable" seed="1738110506" result="Passed" start-time="2026-08-03 10:30:24Z" end-time="2026-08-03 10:30:24Z" duration="0.004905" asserts="0">
                <properties>
                  <property name="retryIteration" value="0" />
                  <property name="repeatIteration" value="0" />
                </properties>
              </test-case>
              <test-case id="1016" name="Validation_WhenOccupiedCountEqualsCapacity_DoesNotReportOverflow" fullname="BlueprintCivilizations.Blueprints.Tests.BlueprintBoardTests.Validation_WhenOccupiedCountEqualsCapacity_DoesNotReportOverflow" methodname="Validation_WhenOccupiedCountEqualsCapacity_DoesNotReportOverflow" classname="BlueprintCivilizations.Blueprints.Tests.BlueprintBoardTests" runstate="Runnable" seed="136766812" result="Passed" start-time="2026-08-03 10:30:24Z" end-time="2026-08-03 10:30:24Z" duration="0.002372" asserts="0">
                <properties>
                  <property name="retryIteration" value="0" />
                  <property name="repeatIteration" value="0" />
                </properties>
              </test-case>
              <test-case id="1017" name="Validation_WhenOccupiedCountExceedsCapacity_ReportsOverflow" fullname="BlueprintCivilizations.Blueprints.Tests.BlueprintBoardTests.Validation_WhenOccupiedCountExceedsCapacity_ReportsOverflow" methodname="Validation_WhenOccupiedCountExceedsCapacity_ReportsOverflow" classname="BlueprintCivilizations.Blueprints.Tests.BlueprintBoardTests" runstate="Runnable" seed="1103898669" result="Passed" start-time="2026-08-03 10:30:24Z" end-time="2026-08-03 10:30:24Z" duration="0.000857" asserts="0">
                <properties>
                  <property name="retryIteration" value="0" />
                  <property name="repeatIteration" value="0" />
                </properties>
              </test-case>
              <test-case id="1015" name="Validation_WhenOccupiedCountIsBelowCapacity_DoesNotReportOverflow" fullname="BlueprintCivilizations.Blueprints.Tests.BlueprintBoardTests.Validation_WhenOccupiedCountIsBelowCapacity_DoesNotReportOverflow" methodname="Validation_WhenOccupiedCountIsBelowCapacity_DoesNotReportOverflow" classname="BlueprintCivilizations.Blueprints.Tests.BlueprintBoardTests" runstate="Runnable" seed="1908897205" result="Passed" start-time="2026-08-03 10:30:24Z" end-time="2026-08-03 10:30:24Z" duration="0.000303" asserts="0">
                <properties>
                  <property name="retryIteration" value="0" />
                  <property name="repeatIteration" value="0" />
                </properties>
              </test-case>
              <test-case id="1019" name="Validation_WhenOverflowAndSlotMismatchCoexist_ReportsBothDistinctIssues" fullname="BlueprintCivilizations.Blueprints.Tests.BlueprintBoardTests.Validation_WhenOverflowAndSlotMismatchCoexist_ReportsBothDistinctIssues" methodname="Validation_WhenOverflowAndSlotMismatchCoexist_ReportsBothDistinctIssues" classname="BlueprintCivilizations.Blueprints.Tests.BlueprintBoardTests" runstate="Runnable" seed="1548920135" result="Passed" start-time="2026-08-03 10:30:24Z" end-time="2026-08-03 10:30:24Z" duration="0.001473" asserts="0">
                <properties>
                  <property name="retryIteration" value="0" />
                  <property name="repeatIteration" value="0" />
                </properties>
              </test-case>
              <test-case id="1020" name="Validation_WhenPlacementReferencesUnknownBlueprint_ReportsBrokenReference" fullname="BlueprintCivilizations.Blueprints.Tests.BlueprintBoardTests.Validation_WhenPlacementReferencesUnknownBlueprint_ReportsBrokenReference" methodname="Validation_WhenPlacementReferencesUnknownBlueprint_ReportsBrokenReference" classname="BlueprintCivilizations.Blueprints.Tests.BlueprintBoardTests" runstate="Runnable" seed="2050296261" result="Passed" start-time="2026-08-03 10:30:24Z" end-time="2026-08-03 10:30:24Z" duration="0.000776" asserts="0">
                <properties>
                  <property name="retryIteration" value="0" />
                  <property name="repeatIteration" value="0" />
                </properties>
              </test-case>
              <test-case id="1018" name="Validation_WhenSlotListLengthMismatchesWithoutOccupiedOverflow_ReportsOnlyMismatch" fullname="BlueprintCivilizations.Blueprints.Tests.BlueprintBoardTests.Validation_WhenSlotListLengthMismatchesWithoutOccupiedOverflow_ReportsOnlyMismatch" methodname="Validation_WhenSlotListLengthMismatchesWithoutOccupiedOverflow_ReportsOnlyMismatch" classname="BlueprintCivilizations.Blueprints.Tests.BlueprintBoardTests" runstate="Runnable" seed="6058085" result="Passed" start-time="2026-08-03 10:30:24Z" end-time="2026-08-03 10:30:24Z" duration="0.000476" asserts="0">
                <properties>
                  <property name="retryIteration" value="0" />
                  <property name="repeatIteration" value="0" />
                </properties>
              </test-case>
              <test-case id="1014" name="Validation_WhenStateIsCorrupted_ReturnsStructuredIssues" fullname="BlueprintCivilizations.Blueprints.Tests.BlueprintBoardTests.Validation_WhenStateIsCorrupted_ReturnsStructuredIssues" methodname="Validation_WhenStateIsCorrupted_ReturnsStructuredIssues" classname="BlueprintCivilizations.Blueprints.Tests.BlueprintBoardTests" runstate="Runnable" seed="1663618188" result="Passed" start-time="2026-08-03 10:30:24Z" end-time="2026-08-03 10:30:24Z" duration="0.002261" asserts="0">
                <properties>
                  <property name="retryIteration" value="0" />
                  <property name="repeatIteration" value="0" />
                </properties>
              </test-case>
            </test-suite>
          </test-suite>
        </test-suite>
      </test-suite>
    </test-suite>
    <test-suite type="Assembly" id="1070" name="BlueprintCivilizations.Tests.dll" fullname="C:/Users/Ofek/AppData/Local/Temp/BlueprintDetailsPlayer_c43782e05054477d942cc1663108b253/Library/ScriptAssemblies/BlueprintCivilizations.Tests.dll" runstate="Runnable" testcasecount="28" result="Passed" start-time="2026-08-03 10:30:24Z" end-time="2026-08-03 10:30:26Z" duration="1.534062" total="28" passed="28" failed="0" inconclusive="0" skipped="0" asserts="0">
      <properties>
        <property name="_PID" value="8892" />
        <property name="_APPDOMAIN" value="Unity Child Domain" />
        <property name="platform" value="EditMode" />
        <property name="EditorOnly" value="True" />
      </properties>
      <test-suite type="TestSuite" id="1071" name="BlueprintCivilizations" fullname="BlueprintCivilizations" runstate="Runnable" testcasecount="28" result="Passed" start-time="2026-08-03 10:30:24Z" end-time="2026-08-03 10:30:26Z" duration="1.528110" total="28" passed="28" failed="0" inconclusive="0" skipped="0" asserts="0">
        <properties />
        <test-suite type="TestSuite" id="1072" name="Tests" fullname="BlueprintCivilizations.Tests" runstate="Runnable" testcasecount="28" result="Passed" start-time="2026-08-03 10:30:24Z" end-time="2026-08-03 10:30:26Z" duration="1.527804" total="28" passed="28" failed="0" inconclusive="0" skipped="0" asserts="0">
          <properties />
          <test-suite type="TestFixture" id="1040" name="ContentFoundationTests" fullname="BlueprintCivilizations.Tests.ContentFoundationTests" classname="BlueprintCivilizations.Tests.ContentFoundationTests" runstate="Runnable" testcasecount="20" result="Passed" start-time="2026-08-03 10:30:24Z" end-time="2026-08-03 10:30:25Z" duration="0.850140" total="20" passed="20" failed="0" inconclusive="0" skipped="0" asserts="0">
            <properties />
            <test-case id="1058" name="CanonicalSampleContent_WhenValidated_HasNoBlockingIssues" fullname="BlueprintCivilizations.Tests.ContentFoundationTests.CanonicalSampleContent_WhenValidated_HasNoBlockingIssues" methodname="CanonicalSampleContent_WhenValidated_HasNoBlockingIssues" classname="BlueprintCivilizations.Tests.ContentFoundationTests" runstate="Runnable" seed="1821526559" result="Passed" start-time="2026-08-03 10:30:24Z" end-time="2026-08-03 10:30:24Z" duration="0.046015" asserts="0">
              <properties>
                <property name="retryIteration" value="0" />
                <property name="repeatIteration" value="0" />
              </properties>
            </test-case>
            <test-case id="1060" name="ContentStudioAssets_WhenLoaded_UseUxmlAndUss" fullname="BlueprintCivilizations.Tests.ContentFoundationTests.ContentStudioAssets_WhenLoaded_UseUxmlAndUss" methodname="ContentStudioAssets_WhenLoaded_UseUxmlAndUss" classname="BlueprintCivilizations.Tests.ContentFoundationTests" runstate="Runnable" seed="961665313" result="Passed" start-time="2026-08-03 10:30:24Z" end-time="2026-08-03 10:30:24Z" duration="0.007593" asserts="0">
              <properties>
                <property name="retryIteration" value="0" />
                <property name="repeatIteration" value="0" />
              </properties>
            </test-case>
            <test-case id="1057" name="CreateSamples_WhenRunTwice_DoesNotCreateDuplicateCanonicalIds" fullname="BlueprintCivilizations.Tests.ContentFoundationTests.CreateSamples_WhenRunTwice_DoesNotCreateDuplicateCanonicalIds" methodname="CreateSamples_WhenRunTwice_DoesNotCreateDuplicateCanonicalIds" classname="BlueprintCivilizations.Tests.ContentFoundationTests" runstate="Runnable" seed="31786678" result="Passed" start-time="2026-08-03 10:30:24Z" end-time="2026-08-03 10:30:25Z" duration="0.759239" asserts="0">
              <properties>
                <property name="retryIteration" value="0" />
                <property name="repeatIteration" value="0" />
              </properties>
              <output><![CDATA[Rebuilt catalog with 13 definitions.
Canonical Milestone 0 prototype content created or repaired.
Rebuilt catalog with 13 definitions.
Canonical Milestone 0 prototype content created or repaired.
]]></output>
            </test-case>
            <test-case id="1059" name="DefaultCatalog_WhenLoaded_ContainsEveryAuthoredDefinition" fullname="BlueprintCivilizations.Tests.ContentFoundationTests.DefaultCatalog_WhenLoaded_ContainsEveryAuthoredDefinition" methodname="DefaultCatalog_WhenLoaded_ContainsEveryAuthoredDefinition" classname="BlueprintCivilizations.Tests.ContentFoundationTests" runstate="Runnable" seed="168740348" result="Passed" start-time="2026-08-03 10:30:25Z" end-time="2026-08-03 10:30:25Z" duration="0.002540" asserts="0">
              <properties>
                <property name="retryIteration" value="0" />
                <property name="repeatIteration" value="0" />
              </properties>
            </test-case>
            <test-case id="1049" name="EditorInitialize_WhenIdWasAlreadyAssigned_LeavesStableIdUnchanged" fullname="BlueprintCivilizations.Tests.ContentFoundationTests.EditorInitialize_WhenIdWasAlreadyAssigned_LeavesStableIdUnchanged" methodname="EditorInitialize_WhenIdWasAlreadyAssigned_LeavesStableIdUnchanged" classname="BlueprintCivilizations.Tests.ContentFoundationTests" runstate="Runnable" seed="1410222387" result="Passed" start-time="2026-08-03 10:30:25Z" end-time="2026-08-03 10:30:25Z" duration="0.002480" asserts="0">
              <properties>
                <property name="retryIteration" value="0" />
                <property name="repeatIteration" value="0" />
              </properties>
            </test-case>
            <test-case id="1048" name="EditorSetDefinitions_WhenInputOrderVaries_StoresDeterministicIdOrder" fullname="BlueprintCivilizations.Tests.ContentFoundationTests.EditorSetDefinitions_WhenInputOrderVaries_StoresDeterministicIdOrder" methodname="EditorSetDefinitions_WhenInputOrderVaries_StoresDeterministicIdOrder" classname="BlueprintCivilizations.Tests.ContentFoundationTests" runstate="Runnable" seed="221735563" result="Passed" start-time="2026-08-03 10:30:25Z" end-time="2026-08-03 10:30:25Z" duration="0.001572" asserts="0">
              <properties>
                <property name="retryIteration" value="0" />
                <property name="repeatIteration" value="0" />
              </properties>
            </test-case>
            <test-case id="1047" name="GetByTags_WhenAllTagsAreRequired_ReturnsMatchingDefinitions" fullname="BlueprintCivilizations.Tests.ContentFoundationTests.GetByTags_WhenAllTagsAreRequired_ReturnsMatchingDefinitions" methodname="GetByTags_WhenAllTagsAreRequired_ReturnsMatchingDefinitions" classname="BlueprintCivilizations.Tests.ContentFoundationTests" runstate="Runnable" seed="713553695" result="Passed" start-time="2026-08-03 10:30:25Z" end-time="2026-08-03 10:30:25Z" duration="0.003573" asserts="0">
              <properties>
                <property name="retryIteration" value="0" />
                <property name="repeatIteration" value="0" />
              </properties>
            </test-case>
            <test-case id="1045" name="GetUnits_WhenRaceIsSpecified_ReturnsOnlyThatRace" fullname="BlueprintCivilizations.Tests.ContentFoundationTests.GetUnits_WhenRaceIsSpecified_ReturnsOnlyThatRace" methodname="GetUnits_WhenRaceIsSpecified_ReturnsOnlyThatRace" classname="BlueprintCivilizations.Tests.ContentFoundationTests" runstate="Runnable" seed="897761437" result="Passed" start-time="2026-08-03 10:30:25Z" end-time="2026-08-03 10:30:25Z" duration="0.002039" asserts="0">
              <properties>
                <property name="retryIteration" value="0" />
                <property name="repeatIteration" value="0" />
              </properties>
            </test-case>
            <test-case id="1046" name="GetUnits_WhenTierIsSpecified_ReturnsOnlyThatTier" fullname="BlueprintCivilizations.Tests.ContentFoundationTests.GetUnits_WhenTierIsSpecified_ReturnsOnlyThatTier" methodname="GetUnits_WhenTierIsSpecified_ReturnsOnlyThatTier" classname="BlueprintCivilizations.Tests.ContentFoundationTests" runstate="Runnable" seed="826808140" result="Passed" start-time="2026-08-03 10:30:25Z" end-time="2026-08-03 10:30:25Z" duration="0.001699" asserts="0">
              <properties>
                <property name="retryIteration" value="0" />
                <property name="repeatIteration" value="0" />
              </properties>
            </test-case>
            <test-case id="1055" name="ModifyRuntimeState_WhenAssociatedDefinitionExists_DoesNotMutateAuthoredDefinition" fullname="BlueprintCivilizations.Tests.ContentFoundationTests.ModifyRuntimeState_WhenAssociatedDefinitionExists_DoesNotMutateAuthoredDefinition" methodname="ModifyRuntimeState_WhenAssociatedDefinitionExists_DoesNotMutateAuthoredDefinition" classname="BlueprintCivilizations.Tests.ContentFoundationTests" runstate="Runnable" seed="1264716685" result="Passed" start-time="2026-08-03 10:30:25Z" end-time="2026-08-03 10:30:25Z" duration="0.003196" asserts="0">
              <properties>
                <property name="retryIteration" value="0" />
                <property name="repeatIteration" value="0" />
              </properties>
            </test-case>
            <test-case id="1041" name="RebuildIndex_WhenIdsCollide_RejectsDuplicateIds" fullname="BlueprintCivilizations.Tests.ContentFoundationTests.RebuildIndex_WhenIdsCollide_RejectsDuplicateIds" methodname="RebuildIndex_WhenIdsCollide_RejectsDuplicateIds" classname="BlueprintCivilizations.Tests.ContentFoundationTests" runstate="Runnable" seed="1002775780" result="Passed" start-time="2026-08-03 10:30:25Z" end-time="2026-08-03 10:30:25Z" duration="0.001712" asserts="0">
              <properties>
                <property name="retryIteration" value="0" />
                <property name="repeatIteration" value="0" />
              </properties>
            </test-case>
            <test-case id="1056" name="RuntimeDefinitionSurface_WhenInspected_HasNoPublicStatMutationPath" fullname="BlueprintCivilizations.Tests.ContentFoundationTests.RuntimeDefinitionSurface_WhenInspected_HasNoPublicStatMutationPath" methodname="RuntimeDefinitionSurface_WhenInspected_HasNoPublicStatMutationPath" classname="BlueprintCivilizations.Tests.ContentFoundationTests" runstate="Runnable" seed="1617648292" result="Passed" start-time="2026-08-03 10:30:25Z" end-time="2026-08-03 10:30:25Z" duration="0.000809" asserts="0">
              <properties>
                <property name="retryIteration" value="0" />
                <property name="repeatIteration" value="0" />
              </properties>
            </test-case>
            <test-case id="1044" name="RuntimeQueries_WhenContentIsDisabled_ExcludeItUnlessExplicitlyIncluded" fullname="BlueprintCivilizations.Tests.ContentFoundationTests.RuntimeQueries_WhenContentIsDisabled_ExcludeItUnlessExplicitlyIncluded" methodname="RuntimeQueries_WhenContentIsDisabled_ExcludeItUnlessExplicitlyIncluded" classname="BlueprintCivilizations.Tests.ContentFoundationTests" runstate="Runnable" seed="754416183" result="Passed" start-time="2026-08-03 10:30:25Z" end-time="2026-08-03 10:30:25Z" duration="0.001168" asserts="0">
              <properties>
                <property name="retryIteration" value="0" />
                <property name="repeatIteration" value="0" />
              </properties>
            </test-case>
            <test-case id="1043" name="TryGet_WhenIdIsMissing_ReturnsActionableError" fullname="BlueprintCivilizations.Tests.ContentFoundationTests.TryGet_WhenIdIsMissing_ReturnsActionableError" methodname="TryGet_WhenIdIsMissing_ReturnsActionableError" classname="BlueprintCivilizations.Tests.ContentFoundationTests" runstate="Runnable" seed="1620587057" result="Passed" start-time="2026-08-03 10:30:25Z" end-time="2026-08-03 10:30:25Z" duration="0.000897" asserts="0">
              <properties>
                <property name="retryIteration" value="0" />
                <property name="repeatIteration" value="0" />
              </properties>
            </test-case>
            <test-case id="1042" name="TryGet_WhenStableIdExists_ResolvesWithoutUsingDisplayName" fullname="BlueprintCivilizations.Tests.ContentFoundationTests.TryGet_WhenStableIdExists_ResolvesWithoutUsingDisplayName" methodname="TryGet_WhenStableIdExists_ResolvesWithoutUsingDisplayName" classname="BlueprintCivilizations.Tests.ContentFoundationTests" runstate="Runnable" seed="553079698" result="Passed" start-time="2026-08-03 10:30:25Z" end-time="2026-08-03 10:30:25Z" duration="0.000788" asserts="0">
              <properties>
                <property name="retryIteration" value="0" />
                <property name="repeatIteration" value="0" />
              </properties>
            </test-case>
            <test-case id="1052" name="Validate_WhenAscensionThresholdsAreNotOrdered_ReportsProgressionField" fullname="BlueprintCivilizations.Tests.ContentFoundationTests.Validate_WhenAscensionThresholdsAreNotOrdered_ReportsProgressionField" methodname="Validate_WhenAscensionThresholdsAreNotOrdered_ReportsProgressionField" classname="BlueprintCivilizations.Tests.ContentFoundationTests" runstate="Runnable" seed="1193829939" result="Passed" start-time="2026-08-03 10:30:25Z" end-time="2026-08-03 10:30:25Z" duration="0.001834" asserts="0">
              <properties>
                <property name="retryIteration" value="0" />
                <property name="repeatIteration" value="0" />
              </properties>
            </test-case>
            <test-case id="1054" name="Validate_WhenEvolutionIsReferencedTwice_ReportsDuplicateReference" fullname="BlueprintCivilizations.Tests.ContentFoundationTests.Validate_WhenEvolutionIsReferencedTwice_ReportsDuplicateReference" methodname="Validate_WhenEvolutionIsReferencedTwice_ReportsDuplicateReference" classname="BlueprintCivilizations.Tests.ContentFoundationTests" runstate="Runnable" seed="1292154351" result="Passed" start-time="2026-08-03 10:30:25Z" end-time="2026-08-03 10:30:25Z" duration="0.002165" asserts="0">
              <properties>
                <property name="retryIteration" value="0" />
                <property name="repeatIteration" value="0" />
              </properties>
            </test-case>
            <test-case id="1053" name="Validate_WhenEvolutionListContainsMissingReference_ReportsExactList" fullname="BlueprintCivilizations.Tests.ContentFoundationTests.Validate_WhenEvolutionListContainsMissingReference_ReportsExactList" methodname="Validate_WhenEvolutionListContainsMissingReference_ReportsExactList" classname="BlueprintCivilizations.Tests.ContentFoundationTests" runstate="Runnable" seed="1213567163" result="Passed" start-time="2026-08-03 10:30:25Z" end-time="2026-08-03 10:30:25Z" duration="0.001366" asserts="0">
              <properties>
                <property name="retryIteration" value="0" />
                <property name="repeatIteration" value="0" />
              </properties>
            </test-case>
            <test-case id="1051" name="Validate_WhenUnitFieldsAreInvalid_ReportsExactFields" fullname="BlueprintCivilizations.Tests.ContentFoundationTests.Validate_WhenUnitFieldsAreInvalid_ReportsExactFields" methodname="Validate_WhenUnitFieldsAreInvalid_ReportsExactFields" classname="BlueprintCivilizations.Tests.ContentFoundationTests" runstate="Runnable" seed="1074956357" result="Passed" start-time="2026-08-03 10:30:25Z" end-time="2026-08-03 10:30:25Z" duration="0.003058" asserts="0">
              <properties>
                <property name="retryIteration" value="0" />
                <property name="repeatIteration" value="0" />
              </properties>
            </test-case>
            <test-case id="1050" name="Validate_WhenUnitIsValid_ReturnsNoBlockingIssues" fullname="BlueprintCivilizations.Tests.ContentFoundationTests.Validate_WhenUnitIsValid_ReturnsNoBlockingIssues" methodname="Validate_WhenUnitIsValid_ReturnsNoBlockingIssues" classname="BlueprintCivilizations.Tests.ContentFoundationTests" runstate="Runnable" seed="203632734" result="Passed" start-time="2026-08-03 10:30:25Z" end-time="2026-08-03 10:30:25Z" duration="0.001520" asserts="0">
              <properties>
                <property name="retryIteration" value="0" />
                <property name="repeatIteration" value="0" />
              </properties>
            </test-case>
          </test-suite>
          <test-suite type="TestFixture" id="1061" name="ContentStudioEditorTests" fullname="BlueprintCivilizations.Tests.ContentStudioEditorTests" classname="BlueprintCivilizations.Tests.ContentStudioEditorTests" runstate="Runnable" testcasecount="8" result="Passed" start-time="2026-08-03 10:30:25Z" end-time="2026-08-03 10:30:26Z" duration="0.677161" total="8" passed="8" failed="0" inconclusive="0" skipped="0" asserts="0">
            <properties />
            <test-case id="1067" name="DisabledOrDeletedSelectedUnit_RefreshesWithoutThrowing" fullname="BlueprintCivilizations.Tests.ContentStudioEditorTests.DisabledOrDeletedSelectedUnit_RefreshesWithoutThrowing" methodname="DisabledOrDeletedSelectedUnit_RefreshesWithoutThrowing" classname="BlueprintCivilizations.Tests.ContentStudioEditorTests" runstate="Runnable" seed="306430982" result="Passed" start-time="2026-08-03 10:30:25Z" end-time="2026-08-03 10:30:25Z" duration="0.355774" asserts="0">
              <properties>
                <property name="retryIteration" value="0" />
                <property name="repeatIteration" value="0" />
              </properties>
            </test-case>
            <test-case id="1069" name="FilteringList_WhenSelectedUnitStillMatches_PreservesSelectionAndDetails" fullname="BlueprintCivilizations.Tests.ContentStudioEditorTests.FilteringList_WhenSelectedUnitStillMatches_PreservesSelectionAndDetails" methodname="FilteringList_WhenSelectedUnitStillMatches_PreservesSelectionAndDetails" classname="BlueprintCivilizations.Tests.ContentStudioEditorTests" runstate="Runnable" seed="1895300559" result="Passed" start-time="2026-08-03 10:30:25Z" end-time="2026-08-03 10:30:25Z" duration="0.023194" asserts="0">
              <properties>
                <property name="retryIteration" value="0" />
                <property name="repeatIteration" value="0" />
              </properties>
            </test-case>
            <test-case id="1068" name="MissingExpectedPropertyPath_ReturnsStructuredDiagnosticAndFallback" fullname="BlueprintCivilizations.Tests.ContentStudioEditorTests.MissingExpectedPropertyPath_ReturnsStructuredDiagnosticAndFallback" methodname="MissingExpectedPropertyPath_ReturnsStructuredDiagnosticAndFallback" classname="BlueprintCivilizations.Tests.ContentStudioEditorTests" runstate="Runnable" seed="1565734204" result="Passed" start-time="2026-08-03 10:30:25Z" end-time="2026-08-03 10:30:25Z" duration="0.016478" asserts="0">
              <properties>
                <property name="retryIteration" value="0" />
                <property name="repeatIteration" value="0" />
              </properties>
            </test-case>
            <test-case id="1062" name="SelectingUnitDefinition_CreatesEveryNonEmptyBoundSection" fullname="BlueprintCivilizations.Tests.ContentStudioEditorTests.SelectingUnitDefinition_CreatesEveryNonEmptyBoundSection" methodname="SelectingUnitDefinition_CreatesEveryNonEmptyBoundSection" classname="BlueprintCivilizations.Tests.ContentStudioEditorTests" runstate="Runnable" seed="1127612348" result="Passed" start-time="2026-08-03 10:30:25Z" end-time="2026-08-03 10:30:25Z" duration="0.020791" asserts="0">
              <properties>
                <property name="retryIteration" value="0" />
                <property name="repeatIteration" value="0" />
              </properties>
            </test-case>
            <test-case id="1065" name="SwitchingBetweenUnits_RebuildsDetailsForNewSelection" fullname="BlueprintCivilizations.Tests.ContentStudioEditorTests.SwitchingBetweenUnits_RebuildsDetailsForNewSelection" methodname="SwitchingBetweenUnits_RebuildsDetailsForNewSelection" classname="BlueprintCivilizations.Tests.ContentStudioEditorTests" runstate="Runnable" seed="477785214" result="Passed" start-time="2026-08-03 10:30:25Z" end-time="2026-08-03 10:30:25Z" duration="0.021911" asserts="0">
              <properties>
                <property name="retryIteration" value="0" />
                <property name="repeatIteration" value="0" />
              </properties>
            </test-case>
            <test-case id="1066" name="UndoRedo_RebuildsBoundSerializedFieldWithoutLosingSelection" fullname="BlueprintCivilizations.Tests.ContentStudioEditorTests.UndoRedo_RebuildsBoundSerializedFieldWithoutLosingSelection" methodname="UndoRedo_RebuildsBoundSerializedFieldWithoutLosingSelection" classname="BlueprintCivilizations.Tests.ContentStudioEditorTests" runstate="Runnable" seed="1101761435" result="Passed" start-time="2026-08-03 10:30:25Z" end-time="2026-08-03 10:30:26Z" duration="0.205990" asserts="0">
              <properties>
                <property name="retryIteration" value="0" />
                <property name="repeatIteration" value="0" />
              </properties>
            </test-case>
            <test-case id="1063" name="UnitDefinitionEditorSchema_EveryExpectedPropertyPathResolves" fullname="BlueprintCivilizations.Tests.ContentStudioEditorTests.UnitDefinitionEditorSchema_EveryExpectedPropertyPathResolves" methodname="UnitDefinitionEditorSchema_EveryExpectedPropertyPathResolves" classname="BlueprintCivilizations.Tests.ContentStudioEditorTests" runstate="Runnable" seed="4752045" result="Passed" start-time="2026-08-03 10:30:26Z" end-time="2026-08-03 10:30:26Z" duration="0.014455" asserts="0">
              <properties>
                <property name="retryIteration" value="0" />
                <property name="repeatIteration" value="0" />
              </properties>
            </test-case>
            <test-case id="1064" name="UnitDefinitionEditorSchema_ProductionAndCombatNestedPathsResolve" fullname="BlueprintCivilizations.Tests.ContentStudioEditorTests.UnitDefinitionEditorSchema_ProductionAndCombatNestedPathsResolve" methodname="UnitDefinitionEditorSchema_ProductionAndCombatNestedPathsResolve" classname="BlueprintCivilizations.Tests.ContentStudioEditorTests" runstate="Runnable" seed="472813742" result="Passed" start-time="2026-08-03 10:30:26Z" end-time="2026-08-03 10:30:26Z" duration="0.014853" asserts="0">
              <properties>
                <property name="retryIteration" value="0" />
                <property name="repeatIteration" value="0" />
              </properties>
            </test-case>
          </test-suite>
        </test-suite>
      </test-suite>
    </test-suite>
    <test-suite type="Assembly" id="1102" name="BlueprintCivilizations.UI.EditModeTests.dll" fullname="C:/Users/Ofek/AppData/Local/Temp/BlueprintDetailsPlayer_c43782e05054477d942cc1663108b253/Library/ScriptAssemblies/BlueprintCivilizations.UI.EditModeTests.dll" runstate="Runnable" testcasecount="27" result="Passed" start-time="2026-08-03 10:30:26Z" end-time="2026-08-03 10:30:26Z" duration="0.044196" total="27" passed="27" failed="0" inconclusive="0" skipped="0" asserts="0">
      <properties>
        <property name="_PID" value="8892" />
        <property name="_APPDOMAIN" value="Unity Child Domain" />
        <property name="platform" value="EditMode" />
        <property name="EditorOnly" value="True" />
      </properties>
      <test-suite type="TestSuite" id="1103" name="BlueprintCivilizations" fullname="BlueprintCivilizations" runstate="Runnable" testcasecount="27" result="Passed" start-time="2026-08-03 10:30:26Z" end-time="2026-08-03 10:30:26Z" duration="0.041998" total="27" passed="27" failed="0" inconclusive="0" skipped="0" asserts="0">
        <properties />
        <test-suite type="TestSuite" id="1104" name="UI" fullname="BlueprintCivilizations.UI" runstate="Runnable" testcasecount="27" result="Passed" start-time="2026-08-03 10:30:26Z" end-time="2026-08-03 10:30:26Z" duration="0.041810" total="27" passed="27" failed="0" inconclusive="0" skipped="0" asserts="0">
          <properties />
          <test-suite type="TestSuite" id="1105" name="Tests" fullname="BlueprintCivilizations.UI.Tests" runstate="Runnable" testcasecount="27" result="Passed" start-time="2026-08-03 10:30:26Z" end-time="2026-08-03 10:30:26Z" duration="0.041648" total="27" passed="27" failed="0" inconclusive="0" skipped="0" asserts="0">
            <properties />
            <test-suite type="TestFixture" id="1073" name="BlueprintBoardInteractionTests" fullname="BlueprintCivilizations.UI.Tests.BlueprintBoardInteractionTests" classname="BlueprintCivilizations.UI.Tests.BlueprintBoardInteractionTests" runstate="Runnable" testcasecount="14" result="Passed" start-time="2026-08-03 10:30:26Z" end-time="2026-08-03 10:30:26Z" duration="0.018676" total="14" passed="14" failed="0" inconclusive="0" skipped="0" asserts="0">
              <properties />
              <test-case id="1076" name="InteractionState_CancelClearsPointerAndDragSource" fullname="BlueprintCivilizations.UI.Tests.BlueprintBoardInteractionTests.InteractionState_CancelClearsPointerAndDragSource" methodname="InteractionState_CancelClearsPointerAndDragSource" classname="BlueprintCivilizations.UI.Tests.BlueprintBoardInteractionTests" runstate="Runnable" seed="195672551" result="Passed" start-time="2026-08-03 10:30:26Z" end-time="2026-08-03 10:30:26Z" duration="0.001249" asserts="0">
                <properties>
                  <property name="retryIteration" value="0" />
                  <property name="repeatIteration" value="0" />
                </properties>
              </test-case>
              <test-case id="1075" name="InteractionState_DragStartsOnlyAfterThresholdAndTracksStableId" fullname="BlueprintCivilizations.UI.Tests.BlueprintBoardInteractionTests.InteractionState_DragStartsOnlyAfterThresholdAndTracksStableId" methodname="InteractionState_DragStartsOnlyAfterThresholdAndTracksStableId" classname="BlueprintCivilizations.UI.Tests.BlueprintBoardInteractionTests" runstate="Runnable" seed="524101761" result="Passed" start-time="2026-08-03 10:30:26Z" end-time="2026-08-03 10:30:26Z" duration="0.000426" asserts="0">
                <properties>
                  <property name="retryIteration" value="0" />
                  <property name="repeatIteration" value="0" />
                </properties>
              </test-case>
              <test-case id="1074" name="InteractionState_HoverTracksOnlyMostRecentBlueprint" fullname="BlueprintCivilizations.UI.Tests.BlueprintBoardInteractionTests.InteractionState_HoverTracksOnlyMostRecentBlueprint" methodname="InteractionState_HoverTracksOnlyMostRecentBlueprint" classname="BlueprintCivilizations.UI.Tests.BlueprintBoardInteractionTests" runstate="Runnable" seed="822561201" result="Passed" start-time="2026-08-03 10:30:26Z" end-time="2026-08-03 10:30:26Z" duration="0.000233" asserts="0">
                <properties>
                  <property name="retryIteration" value="0" />
                  <property name="repeatIteration" value="0" />
                </properties>
              </test-case>
              <test-case id="1087" name="PlacementPreview_ValidCommandDoesNotChangeRevisionHistoryOrSerializedState" fullname="BlueprintCivilizations.UI.Tests.BlueprintBoardInteractionTests.PlacementPreview_ValidCommandDoesNotChangeRevisionHistoryOrSerializedState" methodname="PlacementPreview_ValidCommandDoesNotChangeRevisionHistoryOrSerializedState" classname="BlueprintCivilizations.UI.Tests.BlueprintBoardInteractionTests" runstate="Runnable" seed="1011369661" result="Passed" start-time="2026-08-03 10:30:26Z" end-time="2026-08-03 10:30:26Z" duration="0.003273" asserts="0">
                <properties>
                  <property name="retryIteration" value="0" />
                  <property name="repeatIteration" value="0" />
                </properties>
              </test-case>
              <test-case id="1084" name="Presenter_ActiveInsertionDispatchesReorderBlueprints" fullname="BlueprintCivilizations.UI.Tests.BlueprintBoardInteractionTests.Presenter_ActiveInsertionDispatchesReorderBlueprints" methodname="Presenter_ActiveInsertionDispatchesReorderBlueprints" classname="BlueprintCivilizations.UI.Tests.BlueprintBoardInteractionTests" runstate="Runnable" seed="1004584845" result="Passed" start-time="2026-08-03 10:30:26Z" end-time="2026-08-03 10:30:26Z" duration="0.002004" asserts="0">
                <properties>
                  <property name="retryIteration" value="0" />
                  <property name="repeatIteration" value="0" />
                </properties>
              </test-case>
              <test-case id="1081" name="Presenter_ActiveToBenchDispatchesBenchBlueprint" fullname="BlueprintCivilizations.UI.Tests.BlueprintBoardInteractionTests.Presenter_ActiveToBenchDispatchesBenchBlueprint" methodname="Presenter_ActiveToBenchDispatchesBenchBlueprint" classname="BlueprintCivilizations.UI.Tests.BlueprintBoardInteractionTests" runstate="Runnable" seed="273612653" result="Passed" start-time="2026-08-03 10:30:26Z" end-time="2026-08-03 10:30:26Z" duration="0.000534" asserts="0">
                <properties>
                  <property name="retryIteration" value="0" />
                  <property name="repeatIteration" value="0" />
                </properties>
              </test-case>
              <test-case id="1082" name="Presenter_ActiveToEmptySlotDispatchesMoveBlueprint" fullname="BlueprintCivilizations.UI.Tests.BlueprintBoardInteractionTests.Presenter_ActiveToEmptySlotDispatchesMoveBlueprint" methodname="Presenter_ActiveToEmptySlotDispatchesMoveBlueprint" classname="BlueprintCivilizations.UI.Tests.BlueprintBoardInteractionTests" runstate="Runnable" seed="2074325756" result="Passed" start-time="2026-08-03 10:30:26Z" end-time="2026-08-03 10:30:26Z" duration="0.000743" asserts="0">
                <properties>
                  <property name="retryIteration" value="0" />
                  <property name="repeatIteration" value="0" />
                </properties>
              </test-case>
              <test-case id="1083" name="Presenter_ActiveToOccupiedSlotDispatchesSwapBlueprints" fullname="BlueprintCivilizations.UI.Tests.BlueprintBoardInteractionTests.Presenter_ActiveToOccupiedSlotDispatchesSwapBlueprints" methodname="Presenter_ActiveToOccupiedSlotDispatchesSwapBlueprints" classname="BlueprintCivilizations.UI.Tests.BlueprintBoardInteractionTests" runstate="Runnable" seed="1825850797" result="Passed" start-time="2026-08-03 10:30:26Z" end-time="2026-08-03 10:30:26Z" duration="0.000507" asserts="0">
                <properties>
                  <property name="retryIteration" value="0" />
                  <property name="repeatIteration" value="0" />
                </properties>
              </test-case>
              <test-case id="1078" name="Presenter_AdjacencyFollowsSelectionAndClearsWithSelection" fullname="BlueprintCivilizations.UI.Tests.BlueprintBoardInteractionTests.Presenter_AdjacencyFollowsSelectionAndClearsWithSelection" methodname="Presenter_AdjacencyFollowsSelectionAndClearsWithSelection" classname="BlueprintCivilizations.UI.Tests.BlueprintBoardInteractionTests" runstate="Runnable" seed="1439128662" result="Passed" start-time="2026-08-03 10:30:26Z" end-time="2026-08-03 10:30:26Z" duration="0.000881" asserts="0">
                <properties>
                  <property name="retryIteration" value="0" />
                  <property name="repeatIteration" value="0" />
                </properties>
              </test-case>
              <test-case id="1080" name="Presenter_BenchToEmptySlotDispatchesActivateAndPreservesSelection" fullname="BlueprintCivilizations.UI.Tests.BlueprintBoardInteractionTests.Presenter_BenchToEmptySlotDispatchesActivateAndPreservesSelection" methodname="Presenter_BenchToEmptySlotDispatchesActivateAndPreservesSelection" classname="BlueprintCivilizations.UI.Tests.BlueprintBoardInteractionTests" runstate="Runnable" seed="172418171" result="Passed" start-time="2026-08-03 10:30:26Z" end-time="2026-08-03 10:30:26Z" duration="0.000614" asserts="0">
                <properties>
                  <property name="retryIteration" value="0" />
                  <property name="repeatIteration" value="0" />
                </properties>
              </test-case>
              <test-case id="1079" name="Presenter_DropPreviewUsesPlacementValidationWithoutMutation" fullname="BlueprintCivilizations.UI.Tests.BlueprintBoardInteractionTests.Presenter_DropPreviewUsesPlacementValidationWithoutMutation" methodname="Presenter_DropPreviewUsesPlacementValidationWithoutMutation" classname="BlueprintCivilizations.UI.Tests.BlueprintBoardInteractionTests" runstate="Runnable" seed="1910619432" result="Passed" start-time="2026-08-03 10:30:26Z" end-time="2026-08-03 10:30:26Z" duration="0.001128" asserts="0">
                <properties>
                  <property name="retryIteration" value="0" />
                  <property name="repeatIteration" value="0" />
                </properties>
              </test-case>
              <test-case id="1085" name="Presenter_InvalidSameSlotDropLeavesStateUnchangedAndShowsReason" fullname="BlueprintCivilizations.UI.Tests.BlueprintBoardInteractionTests.Presenter_InvalidSameSlotDropLeavesStateUnchangedAndShowsReason" methodname="Presenter_InvalidSameSlotDropLeavesStateUnchangedAndShowsReason" classname="BlueprintCivilizations.UI.Tests.BlueprintBoardInteractionTests" runstate="Runnable" seed="1682753864" result="Passed" start-time="2026-08-03 10:30:26Z" end-time="2026-08-03 10:30:26Z" duration="0.000519" asserts="0">
                <properties>
                  <property name="retryIteration" value="0" />
                  <property name="repeatIteration" value="0" />
                </properties>
              </test-case>
              <test-case id="1086" name="Presenter_SelectionClearsWhenSelectedBlueprintIsRemovedThenRefreshed" fullname="BlueprintCivilizations.UI.Tests.BlueprintBoardInteractionTests.Presenter_SelectionClearsWhenSelectedBlueprintIsRemovedThenRefreshed" methodname="Presenter_SelectionClearsWhenSelectedBlueprintIsRemovedThenRefreshed" classname="BlueprintCivilizations.UI.Tests.BlueprintBoardInteractionTests" runstate="Runnable" seed="733852651" result="Passed" start-time="2026-08-03 10:30:26Z" end-time="2026-08-03 10:30:26Z" duration="0.000620" asserts="0">
                <properties>
                  <property name="retryIteration" value="0" />
                  <property name="repeatIteration" value="0" />
                </properties>
              </test-case>
              <test-case id="1077" name="Presenter_SelectionTransfersAndOnlyOneSelectionIsRendered" fullname="BlueprintCivilizations.UI.Tests.BlueprintBoardInteractionTests.Presenter_SelectionTransfersAndOnlyOneSelectionIsRendered" methodname="Presenter_SelectionTransfersAndOnlyOneSelectionIsRendered" classname="BlueprintCivilizations.UI.Tests.BlueprintBoardInteractionTests" runstate="Runnable" seed="707894602" result="Passed" start-time="2026-08-03 10:30:26Z" end-time="2026-08-03 10:30:26Z" duration="0.000404" asserts="0">
                <properties>
                  <property name="retryIteration" value="0" />
                  <property name="repeatIteration" value="0" />
                </properties>
              </test-case>
            </test-suite>
            <test-suite type="TestFixture" id="1088" name="BlueprintDetailsTests" fullname="BlueprintCivilizations.UI.Tests.BlueprintDetailsTests" classname="BlueprintCivilizations.UI.Tests.BlueprintDetailsTests" runstate="Runnable" testcasecount="13" result="Passed" start-time="2026-08-03 10:30:26Z" end-time="2026-08-03 10:30:26Z" duration="0.022296" total="13" passed="13" failed="0" inconclusive="0" skipped="0" asserts="0">
              <properties />
              <test-case id="1095" name="Presenter_ClearingSelectionReturnsEmptyState" fullname="BlueprintCivilizations.UI.Tests.BlueprintDetailsTests.Presenter_ClearingSelectionReturnsEmptyState" methodname="Presenter_ClearingSelectionReturnsEmptyState" classname="BlueprintCivilizations.UI.Tests.BlueprintDetailsTests" runstate="Runnable" seed="712397178" result="Passed" start-time="2026-08-03 10:30:26Z" end-time="2026-08-03 10:30:26Z" duration="0.009038" asserts="0">
                <properties>
                  <property name="retryIteration" value="0" />
                  <property name="repeatIteration" value="0" />
                </properties>
              </test-case>
              <test-case id="1097" name="Presenter_RemovingSelectedBlueprintClearsDetails" fullname="BlueprintCivilizations.UI.Tests.BlueprintDetailsTests.Presenter_RemovingSelectedBlueprintClearsDetails" methodname="Presenter_RemovingSelectedBlueprintClearsDetails" classname="BlueprintCivilizations.UI.Tests.BlueprintDetailsTests" runstate="Runnable" seed="160977182" result="Passed" start-time="2026-08-03 10:30:26Z" end-time="2026-08-03 10:30:26Z" duration="0.000849" asserts="0">
                <properties>
                  <property name="retryIteration" value="0" />
                  <property name="repeatIteration" value="0" />
                </properties>
              </test-case>
              <test-case id="1096" name="Presenter_SelectedBlueprintMovementPreservesSelectionAndUpdatesLocation" fullname="BlueprintCivilizations.UI.Tests.BlueprintDetailsTests.Presenter_SelectedBlueprintMovementPreservesSelectionAndUpdatesLocation" methodname="Presenter_SelectedBlueprintMovementPreservesSelectionAndUpdatesLocation" classname="BlueprintCivilizations.UI.Tests.BlueprintDetailsTests" runstate="Runnable" seed="552352818" result="Passed" start-time="2026-08-03 10:30:26Z" end-time="2026-08-03 10:30:26Z" duration="0.001441" asserts="0">
                <properties>
                  <property name="retryIteration" value="0" />
                  <property name="repeatIteration" value="0" />
                </properties>
              </test-case>
              <test-case id="1093" name="Resolver_ActiveAssignmentIncludesSlotAndBothNeighbors" fullname="BlueprintCivilizations.UI.Tests.BlueprintDetailsTests.Resolver_ActiveAssignmentIncludesSlotAndBothNeighbors" methodname="Resolver_ActiveAssignmentIncludesSlotAndBothNeighbors" classname="BlueprintCivilizations.UI.Tests.BlueprintDetailsTests" runstate="Runnable" seed="816482679" result="Passed" start-time="2026-08-03 10:30:26Z" end-time="2026-08-03 10:30:26Z" duration="0.000693" asserts="0">
                <properties>
                  <property name="retryIteration" value="0" />
                  <property name="repeatIteration" value="0" />
                </properties>
              </test-case>
              <test-case id="1089" name="Resolver_ActiveUnitUsesImmutableIdAndAuthoredIdentity" fullname="BlueprintCivilizations.UI.Tests.BlueprintDetailsTests.Resolver_ActiveUnitUsesImmutableIdAndAuthoredIdentity" methodname="Resolver_ActiveUnitUsesImmutableIdAndAuthoredIdentity" classname="BlueprintCivilizations.UI.Tests.BlueprintDetailsTests" runstate="Runnable" seed="164874326" result="Passed" start-time="2026-08-03 10:30:26Z" end-time="2026-08-03 10:30:26Z" duration="0.000802" asserts="0">
                <properties>
                  <property name="retryIteration" value="0" />
                  <property name="repeatIteration" value="0" />
                </properties>
              </test-case>
              <test-case id="1090" name="Resolver_BenchedUnitReportsBenchLocation" fullname="BlueprintCivilizations.UI.Tests.BlueprintDetailsTests.Resolver_BenchedUnitReportsBenchLocation" methodname="Resolver_BenchedUnitReportsBenchLocation" classname="BlueprintCivilizations.UI.Tests.BlueprintDetailsTests" runstate="Runnable" seed="2015339625" result="Passed" start-time="2026-08-03 10:30:26Z" end-time="2026-08-03 10:30:26Z" duration="0.000876" asserts="0">
                <properties>
                  <property name="retryIteration" value="0" />
                  <property name="repeatIteration" value="0" />
                </properties>
              </test-case>
              <test-case id="1094" name="Resolver_DefaultProgressionIsAccurateAndMilestonesRemainLocked" fullname="BlueprintCivilizations.UI.Tests.BlueprintDetailsTests.Resolver_DefaultProgressionIsAccurateAndMilestonesRemainLocked" methodname="Resolver_DefaultProgressionIsAccurateAndMilestonesRemainLocked" classname="BlueprintCivilizations.UI.Tests.BlueprintDetailsTests" runstate="Runnable" seed="1933058007" result="Passed" start-time="2026-08-03 10:30:26Z" end-time="2026-08-03 10:30:26Z" duration="0.001581" asserts="0">
                <properties>
                  <property name="retryIteration" value="0" />
                  <property name="repeatIteration" value="0" />
                </properties>
              </test-case>
              <test-case id="1101" name="Resolver_MissingDefinitionProducesActionableStableIdDiagnostic" fullname="BlueprintCivilizations.UI.Tests.BlueprintDetailsTests.Resolver_MissingDefinitionProducesActionableStableIdDiagnostic" methodname="Resolver_MissingDefinitionProducesActionableStableIdDiagnostic" classname="BlueprintCivilizations.UI.Tests.BlueprintDetailsTests" runstate="Runnable" seed="630178088" result="Passed" start-time="2026-08-03 10:30:26Z" end-time="2026-08-03 10:30:26Z" duration="0.000686" asserts="0">
                <properties>
                  <property name="retryIteration" value="0" />
                  <property name="repeatIteration" value="0" />
                </properties>
              </test-case>
              <test-case id="1098" name="Resolver_NeutralIdentityDoesNotFabricateRace" fullname="BlueprintCivilizations.UI.Tests.BlueprintDetailsTests.Resolver_NeutralIdentityDoesNotFabricateRace" methodname="Resolver_NeutralIdentityDoesNotFabricateRace" classname="BlueprintCivilizations.UI.Tests.BlueprintDetailsTests" runstate="Runnable" seed="310944243" result="Passed" start-time="2026-08-03 10:30:26Z" end-time="2026-08-03 10:30:26Z" duration="0.000734" asserts="0">
                <properties>
                  <property name="retryIteration" value="0" />
                  <property name="repeatIteration" value="0" />
                </properties>
              </test-case>
              <test-case id="1100" name="Resolver_ShopInformationUsesAuthoredPlanningValuesOnly" fullname="BlueprintCivilizations.UI.Tests.BlueprintDetailsTests.Resolver_ShopInformationUsesAuthoredPlanningValuesOnly" methodname="Resolver_ShopInformationUsesAuthoredPlanningValuesOnly" classname="BlueprintCivilizations.UI.Tests.BlueprintDetailsTests" runstate="Runnable" seed="1769810530" result="Passed" start-time="2026-08-03 10:30:26Z" end-time="2026-08-03 10:30:26Z" duration="0.000544" asserts="0">
                <properties>
                  <property name="retryIteration" value="0" />
                  <property name="repeatIteration" value="0" />
                </properties>
              </test-case>
              <test-case id="1099" name="Resolver_StructureShowsOnlyRelevantCombatAndSupportDetails" fullname="BlueprintCivilizations.UI.Tests.BlueprintDetailsTests.Resolver_StructureShowsOnlyRelevantCombatAndSupportDetails" methodname="Resolver_StructureShowsOnlyRelevantCombatAndSupportDetails" classname="BlueprintCivilizations.UI.Tests.BlueprintDetailsTests" runstate="Runnable" seed="12205908" result="Passed" start-time="2026-08-03 10:30:26Z" end-time="2026-08-03 10:30:26Z" duration="0.001488" asserts="0">
                <properties>
                  <property name="retryIteration" value="0" />
                  <property name="repeatIteration" value="0" />
                </properties>
              </test-case>
              <test-case id="1092" name="Resolver_UnitCombatValuesExposeCompleteAuthoredProfile" fullname="BlueprintCivilizations.UI.Tests.BlueprintDetailsTests.Resolver_UnitCombatValuesExposeCompleteAuthoredProfile" methodname="Resolver_UnitCombatValuesExposeCompleteAuthoredProfile" classname="BlueprintCivilizations.UI.Tests.BlueprintDetailsTests" runstate="Runnable" seed="1146398484" result="Passed" start-time="2026-08-03 10:30:26Z" end-time="2026-08-03 10:30:26Z" duration="0.000710" asserts="0">
                <properties>
                  <property name="retryIteration" value="0" />
                  <property name="repeatIteration" value="0" />
                </properties>
              </test-case>
              <test-case id="1091" name="Resolver_UnitProductionValuesExposeBaseAndCurrent" fullname="BlueprintCivilizations.UI.Tests.BlueprintDetailsTests.Resolver_UnitProductionValuesExposeBaseAndCurrent" methodname="Resolver_UnitProductionValuesExposeBaseAndCurrent" classname="BlueprintCivilizations.UI.Tests.BlueprintDetailsTests" runstate="Runnable" seed="1582553220" result="Passed" start-time="2026-08-03 10:30:26Z" end-time="2026-08-03 10:30:26Z" duration="0.000525" asserts="0">
                <properties>
                  <property name="retryIteration" value="0" />
                  <property name="repeatIteration" value="0" />
                </properties>
                <output><![CDATA[Saving results to: C:\Users\Ofek\AppData\Local\Temp\BlueprintDetailsPlayer_c43782e05054477d942cc1663108b253\editmode-final.xml
]]></output>
              </test-case>
            </test-suite>
          </test-suite>
        </test-suite>
      </test-suite>
    </test-suite>
  </test-suite>
</test-run>