<?xml version="1.0" encoding="utf-8"?>
<test-run id="2" testcasecount="17" result="Passed" total="17" passed="17" failed="0" inconclusive="0" skipped="0" asserts="0" engine-version="3.5.0.0" clr-version="4.0.30319.42000" start-time="2026-08-03 10:31:24Z" end-time="2026-08-03 10:31:26Z" duration="1.617415">
  <test-suite type="TestSuite" id="1025" name="BlueprintDetailsPlayerIsolation" fullname="BlueprintDetailsPlayerIsolation" runstate="Runnable" testcasecount="17" result="Passed" start-time="2026-08-03 10:31:24Z" end-time="2026-08-03 10:31:26Z" duration="1.617415" total="17" passed="17" failed="0" inconclusive="0" skipped="0" asserts="0">
    <properties>
      <property name="platform" value="PlayMode" />
    </properties>
    <test-suite type="Assembly" id="1019" name="BlueprintCivilizations.UI.PlayModeTests.dll" fullname="C:/Users/Ofek/AppData/Local/Temp/BlueprintDetailsPlayer_c43782e05054477d942cc1663108b253/Library/ScriptAssemblies/BlueprintCivilizations.UI.PlayModeTests.dll" runstate="Runnable" testcasecount="17" result="Passed" start-time="2026-08-03 10:31:24Z" end-time="2026-08-03 10:31:26Z" duration="1.609239" total="17" passed="17" failed="0" inconclusive="0" skipped="0" asserts="0">
      <properties>
        <property name="_PID" value="27500" />
        <property name="_APPDOMAIN" value="Unity Child Domain" />
        <property name="platform" value="PlayMode" />
        <property name="EditorOnly" value="False" />
      </properties>
      <test-suite type="TestSuite" id="1020" name="BlueprintCivilizations" fullname="BlueprintCivilizations" runstate="Runnable" testcasecount="17" result="Passed" start-time="2026-08-03 10:31:24Z" end-time="2026-08-03 10:31:26Z" duration="1.608585" total="17" passed="17" failed="0" inconclusive="0" skipped="0" asserts="0">
        <properties />
        <test-suite type="TestSuite" id="1021" name="UI" fullname="BlueprintCivilizations.UI" runstate="Runnable" testcasecount="17" result="Passed" start-time="2026-08-03 10:31:24Z" end-time="2026-08-03 10:31:26Z" duration="1.608211" total="17" passed="17" failed="0" inconclusive="0" skipped="0" asserts="0">
          <properties />
          <test-suite type="TestSuite" id="1022" name="Tests" fullname="BlueprintCivilizations.UI.Tests" runstate="Runnable" testcasecount="17" result="Passed" start-time="2026-08-03 10:31:24Z" end-time="2026-08-03 10:31:26Z" duration="1.607965" total="17" passed="17" failed="0" inconclusive="0" skipped="0" asserts="0">
            <properties />
            <test-suite type="TestSuite" id="1023" name="PlayMode" fullname="BlueprintCivilizations.UI.Tests.PlayMode" runstate="Runnable" testcasecount="17" result="Passed" start-time="2026-08-03 10:31:24Z" end-time="2026-08-03 10:31:26Z" duration="1.607664" total="17" passed="17" failed="0" inconclusive="0" skipped="0" asserts="0">
              <properties />
              <test-suite type="TestFixture" id="1001" name="BlueprintBoardPlayModeTests" fullname="BlueprintCivilizations.UI.Tests.PlayMode.BlueprintBoardPlayModeTests" classname="BlueprintCivilizations.UI.Tests.PlayMode.BlueprintBoardPlayModeTests" runstate="Runnable" testcasecount="17" result="Passed" start-time="2026-08-03 10:31:24Z" end-time="2026-08-03 10:31:26Z" duration="1.606007" total="17" passed="17" failed="0" inconclusive="0" skipped="0" asserts="0">
                <properties />
                <test-case id="1013" name="ActiveInsertionDragReordersBlueprints" fullname="BlueprintCivilizations.UI.Tests.PlayMode.BlueprintBoardPlayModeTests.ActiveInsertionDragReordersBlueprints" methodname="ActiveInsertionDragReordersBlueprints" classname="BlueprintCivilizations.UI.Tests.PlayMode.BlueprintBoardPlayModeTests" runstate="Runnable" seed="181379923" result="Passed" start-time="2026-08-03 10:31:24Z" end-time="2026-08-03 10:31:25Z" duration="0.881080" asserts="0">
                  <properties>
                    <property name="_JOINTYPE" value="UnityCombinatorial" />
                    <property name="retryIteration" value="0" />
                    <property name="repeatIteration" value="0" />
                  </properties>
                </test-case>
                <test-case id="1008" name="ActiveToBenchDragBenchesBlueprint" fullname="BlueprintCivilizations.UI.Tests.PlayMode.BlueprintBoardPlayModeTests.ActiveToBenchDragBenchesBlueprint" methodname="ActiveToBenchDragBenchesBlueprint" classname="BlueprintCivilizations.UI.Tests.PlayMode.BlueprintBoardPlayModeTests" runstate="Runnable" seed="2016815480" result="Passed" start-time="2026-08-03 10:31:25Z" end-time="2026-08-03 10:31:25Z" duration="0.038873" asserts="0">
                  <properties>
                    <property name="_JOINTYPE" value="UnityCombinatorial" />
                    <property name="retryIteration" value="0" />
                    <property name="repeatIteration" value="0" />
                  </properties>
                </test-case>
                <test-case id="1010" name="ActiveToEmptySlotDragMovesBlueprintAndPreservesSelection" fullname="BlueprintCivilizations.UI.Tests.PlayMode.BlueprintBoardPlayModeTests.ActiveToEmptySlotDragMovesBlueprintAndPreservesSelection" methodname="ActiveToEmptySlotDragMovesBlueprintAndPreservesSelection" classname="BlueprintCivilizations.UI.Tests.PlayMode.BlueprintBoardPlayModeTests" runstate="Runnable" seed="1043877052" result="Passed" start-time="2026-08-03 10:31:25Z" end-time="2026-08-03 10:31:25Z" duration="0.107386" asserts="0">
                  <properties>
                    <property name="_JOINTYPE" value="UnityCombinatorial" />
                    <property name="retryIteration" value="0" />
                    <property name="repeatIteration" value="0" />
                  </properties>
                </test-case>
                <test-case id="1009" name="ActiveToOccupiedActiveSlotDragSwapsBlueprints" fullname="BlueprintCivilizations.UI.Tests.PlayMode.BlueprintBoardPlayModeTests.ActiveToOccupiedActiveSlotDragSwapsBlueprints" methodname="ActiveToOccupiedActiveSlotDragSwapsBlueprints" classname="BlueprintCivilizations.UI.Tests.PlayMode.BlueprintBoardPlayModeTests" runstate="Runnable" seed="647383638" result="Passed" start-time="2026-08-03 10:31:25Z" end-time="2026-08-03 10:31:25Z" duration="0.023915" asserts="0">
                  <properties>
                    <property name="_JOINTYPE" value="UnityCombinatorial" />
                    <property name="retryIteration" value="0" />
                    <property name="repeatIteration" value="0" />
                  </properties>
                </test-case>
                <test-case id="1006" name="BenchToEmptyActiveSlotDragActivatesBlueprint" fullname="BlueprintCivilizations.UI.Tests.PlayMode.BlueprintBoardPlayModeTests.BenchToEmptyActiveSlotDragActivatesBlueprint" methodname="BenchToEmptyActiveSlotDragActivatesBlueprint" classname="BlueprintCivilizations.UI.Tests.PlayMode.BlueprintBoardPlayModeTests" runstate="Runnable" seed="267824282" result="Passed" start-time="2026-08-03 10:31:25Z" end-time="2026-08-03 10:31:26Z" duration="0.018498" asserts="0">
                  <properties>
                    <property name="_JOINTYPE" value="UnityCombinatorial" />
                    <property name="retryIteration" value="0" />
                    <property name="repeatIteration" value="0" />
                  </properties>
                </test-case>
                <test-case id="1007" name="BenchToOccupiedActiveSlotDragUsesDocumentedInsertion" fullname="BlueprintCivilizations.UI.Tests.PlayMode.BlueprintBoardPlayModeTests.BenchToOccupiedActiveSlotDragUsesDocumentedInsertion" methodname="BenchToOccupiedActiveSlotDragUsesDocumentedInsertion" classname="BlueprintCivilizations.UI.Tests.PlayMode.BlueprintBoardPlayModeTests" runstate="Runnable" seed="1468015301" result="Passed" start-time="2026-08-03 10:31:26Z" end-time="2026-08-03 10:31:26Z" duration="0.019273" asserts="0">
                  <properties>
                    <property name="_JOINTYPE" value="UnityCombinatorial" />
                    <property name="retryIteration" value="0" />
                    <property name="repeatIteration" value="0" />
                  </properties>
                </test-case>
                <test-case id="1005" name="ChangingSelectionUpdatesDetailsAndClearingRestoresEmptyState" fullname="BlueprintCivilizations.UI.Tests.PlayMode.BlueprintBoardPlayModeTests.ChangingSelectionUpdatesDetailsAndClearingRestoresEmptyState" methodname="ChangingSelectionUpdatesDetailsAndClearingRestoresEmptyState" classname="BlueprintCivilizations.UI.Tests.PlayMode.BlueprintBoardPlayModeTests" runstate="Runnable" seed="942966160" result="Passed" start-time="2026-08-03 10:31:26Z" end-time="2026-08-03 10:31:26Z" duration="0.066597" asserts="0">
                  <properties>
                    <property name="_JOINTYPE" value="UnityCombinatorial" />
                    <property name="retryIteration" value="0" />
                    <property name="repeatIteration" value="0" />
                  </properties>
                </test-case>
                <test-case id="1003" name="ClickingFirstThenSecondCardTransfersSelection" fullname="BlueprintCivilizations.UI.Tests.PlayMode.BlueprintBoardPlayModeTests.ClickingFirstThenSecondCardTransfersSelection" methodname="ClickingFirstThenSecondCardTransfersSelection" classname="BlueprintCivilizations.UI.Tests.PlayMode.BlueprintBoardPlayModeTests" runstate="Runnable" seed="612164087" result="Passed" start-time="2026-08-03 10:31:26Z" end-time="2026-08-03 10:31:26Z" duration="0.052585" asserts="0">
                  <properties>
                    <property name="_JOINTYPE" value="UnityCombinatorial" />
                    <property name="retryIteration" value="0" />
                    <property name="repeatIteration" value="0" />
                  </properties>
                </test-case>
                <test-case id="1017" name="DetailsPanelSurvivesWideAndNarrowResponsiveLayout" fullname="BlueprintCivilizations.UI.Tests.PlayMode.BlueprintBoardPlayModeTests.DetailsPanelSurvivesWideAndNarrowResponsiveLayout" methodname="DetailsPanelSurvivesWideAndNarrowResponsiveLayout" classname="BlueprintCivilizations.UI.Tests.PlayMode.BlueprintBoardPlayModeTests" runstate="Runnable" seed="1526622046" result="Passed" start-time="2026-08-03 10:31:26Z" end-time="2026-08-03 10:31:26Z" duration="0.052849" asserts="0">
                  <properties>
                    <property name="_JOINTYPE" value="UnityCombinatorial" />
                    <property name="retryIteration" value="0" />
                    <property name="repeatIteration" value="0" />
                  </properties>
                </test-case>
                <test-case id="1018" name="DisableEnableDoesNotAccumulateCallbacksAndRestoresPersistedBoard" fullname="BlueprintCivilizations.UI.Tests.PlayMode.BlueprintBoardPlayModeTests.DisableEnableDoesNotAccumulateCallbacksAndRestoresPersistedBoard" methodname="DisableEnableDoesNotAccumulateCallbacksAndRestoresPersistedBoard" classname="BlueprintCivilizations.UI.Tests.PlayMode.BlueprintBoardPlayModeTests" runstate="Runnable" seed="1754946768" result="Passed" start-time="2026-08-03 10:31:26Z" end-time="2026-08-03 10:31:26Z" duration="0.060974" asserts="0">
                  <properties>
                    <property name="_JOINTYPE" value="UnityCombinatorial" />
                    <property name="retryIteration" value="0" />
                    <property name="repeatIteration" value="0" />
                  </properties>
                </test-case>
                <test-case id="1014" name="DragThresholdShowsGhostSourceAndValidTargetPreviewBeforeRelease" fullname="BlueprintCivilizations.UI.Tests.PlayMode.BlueprintBoardPlayModeTests.DragThresholdShowsGhostSourceAndValidTargetPreviewBeforeRelease" methodname="DragThresholdShowsGhostSourceAndValidTargetPreviewBeforeRelease" classname="BlueprintCivilizations.UI.Tests.PlayMode.BlueprintBoardPlayModeTests" runstate="Runnable" seed="379528857" result="Passed" start-time="2026-08-03 10:31:26Z" end-time="2026-08-03 10:31:26Z" duration="0.024498" asserts="0">
                  <properties>
                    <property name="_JOINTYPE" value="UnityCombinatorial" />
                    <property name="retryIteration" value="0" />
                    <property name="repeatIteration" value="0" />
                  </properties>
                </test-case>
                <test-case id="1002" name="HoveringOneActiveCardAppliesHoverClassOnlyToThatCard" fullname="BlueprintCivilizations.UI.Tests.PlayMode.BlueprintBoardPlayModeTests.HoveringOneActiveCardAppliesHoverClassOnlyToThatCard" methodname="HoveringOneActiveCardAppliesHoverClassOnlyToThatCard" classname="BlueprintCivilizations.UI.Tests.PlayMode.BlueprintBoardPlayModeTests" runstate="Runnable" seed="485406542" result="Passed" start-time="2026-08-03 10:31:26Z" end-time="2026-08-03 10:31:26Z" duration="0.026413" asserts="0">
                  <properties>
                    <property name="_JOINTYPE" value="UnityCombinatorial" />
                    <property name="retryIteration" value="0" />
                    <property name="repeatIteration" value="0" />
                  </properties>
                </test-case>
                <test-case id="1016" name="InvalidDropLeavesStateUnchangedAndReleasesPointerCapture" fullname="BlueprintCivilizations.UI.Tests.PlayMode.BlueprintBoardPlayModeTests.InvalidDropLeavesStateUnchangedAndReleasesPointerCapture" methodname="InvalidDropLeavesStateUnchangedAndReleasesPointerCapture" classname="BlueprintCivilizations.UI.Tests.PlayMode.BlueprintBoardPlayModeTests" runstate="Runnable" seed="1517208707" result="Passed" start-time="2026-08-03 10:31:26Z" end-time="2026-08-03 10:31:26Z" duration="0.020580" asserts="0">
                  <properties>
                    <property name="_JOINTYPE" value="UnityCombinatorial" />
                    <property name="retryIteration" value="0" />
                    <property name="repeatIteration" value="0" />
                  </properties>
                </test-case>
                <test-case id="1015" name="InvalidInsertionPreviewIsDistinctAndDropDoesNotMutateState" fullname="BlueprintCivilizations.UI.Tests.PlayMode.BlueprintBoardPlayModeTests.InvalidInsertionPreviewIsDistinctAndDropDoesNotMutateState" methodname="InvalidInsertionPreviewIsDistinctAndDropDoesNotMutateState" classname="BlueprintCivilizations.UI.Tests.PlayMode.BlueprintBoardPlayModeTests" runstate="Runnable" seed="907383741" result="Passed" start-time="2026-08-03 10:31:26Z" end-time="2026-08-03 10:31:26Z" duration="0.022016" asserts="0">
                  <properties>
                    <property name="_JOINTYPE" value="UnityCombinatorial" />
                    <property name="retryIteration" value="0" />
                    <property name="repeatIteration" value="0" />
                  </properties>
                </test-case>
                <test-case id="1011" name="MovingSelectedBlueprintUpdatesDetailsLocation" fullname="BlueprintCivilizations.UI.Tests.PlayMode.BlueprintBoardPlayModeTests.MovingSelectedBlueprintUpdatesDetailsLocation" methodname="MovingSelectedBlueprintUpdatesDetailsLocation" classname="BlueprintCivilizations.UI.Tests.PlayMode.BlueprintBoardPlayModeTests" runstate="Runnable" seed="793853290" result="Passed" start-time="2026-08-03 10:31:26Z" end-time="2026-08-03 10:31:26Z" duration="0.050016" asserts="0">
                  <properties>
                    <property name="_JOINTYPE" value="UnityCombinatorial" />
                    <property name="retryIteration" value="0" />
                    <property name="repeatIteration" value="0" />
                  </properties>
                </test-case>
                <test-case id="1004" name="SelectingBlueprintPopulatesDetailsPanel" fullname="BlueprintCivilizations.UI.Tests.PlayMode.BlueprintBoardPlayModeTests.SelectingBlueprintPopulatesDetailsPanel" methodname="SelectingBlueprintPopulatesDetailsPanel" classname="BlueprintCivilizations.UI.Tests.PlayMode.BlueprintBoardPlayModeTests" runstate="Runnable" seed="1183124232" result="Passed" start-time="2026-08-03 10:31:26Z" end-time="2026-08-03 10:31:26Z" duration="0.050990" asserts="0">
                  <properties>
                    <property name="_JOINTYPE" value="UnityCombinatorial" />
                    <property name="retryIteration" value="0" />
                    <property name="repeatIteration" value="0" />
                  </properties>
                </test-case>
                <test-case id="1012" name="SwappingBlueprintsUpdatesSelectedNeighborDisplay" fullname="BlueprintCivilizations.UI.Tests.PlayMode.BlueprintBoardPlayModeTests.SwappingBlueprintsUpdatesSelectedNeighborDisplay" methodname="SwappingBlueprintsUpdatesSelectedNeighborDisplay" classname="BlueprintCivilizations.UI.Tests.PlayMode.BlueprintBoardPlayModeTests" runstate="Runnable" seed="1743522500" result="Passed" start-time="2026-08-03 10:31:26Z" end-time="2026-08-03 10:31:26Z" duration="0.065609" asserts="0">
                  <properties>
                    <property name="_JOINTYPE" value="UnityCombinatorial" />
                    <property name="retryIteration" value="0" />
                    <property name="repeatIteration" value="0" />
                  </properties>
                  <output><![CDATA[Saving results to: C:\Users\Ofek\AppData\Local\Temp\BlueprintDetailsPlayer_c43782e05054477d942cc1663108b253\playmode-editor-final.xml
]]></output>
                </test-case>
              </test-suite>
            </test-suite>
          </test-suite>
        </test-suite>
      </test-suite>
    </test-suite>
  </test-suite>
</test-run>